[2022-01-23 16:47:04,686] {taskinstance.py:670} INFO - Dependencies all met for <TaskInstance: twitter_dag.transform_twitter_sorocaba 2022-01-22T19:45:00+00:00 [queued]>
[2022-01-23 16:47:04,697] {taskinstance.py:670} INFO - Dependencies all met for <TaskInstance: twitter_dag.transform_twitter_sorocaba 2022-01-22T19:45:00+00:00 [queued]>
[2022-01-23 16:47:04,697] {taskinstance.py:880} INFO - 
--------------------------------------------------------------------------------
[2022-01-23 16:47:04,697] {taskinstance.py:881} INFO - Starting attempt 1 of 1
[2022-01-23 16:47:04,697] {taskinstance.py:882} INFO - 
--------------------------------------------------------------------------------
[2022-01-23 16:47:04,711] {taskinstance.py:901} INFO - Executing <Task(SparkSubmitOperator): transform_twitter_sorocaba> on 2022-01-22T19:45:00+00:00
[2022-01-23 16:47:04,714] {standard_task_runner.py:54} INFO - Started process 4035 to run task
[2022-01-23 16:47:04,777] {standard_task_runner.py:77} INFO - Running: ['airflow', 'run', 'twitter_dag', 'transform_twitter_sorocaba', '2022-01-22T19:45:00+00:00', '--job_id', '28', '--pool', 'default_pool', '--raw', '-sd', 'DAGS_FOLDER/twitter_dag.py', '--cfg_path', '/tmp/tmp832bzitu']
[2022-01-23 16:47:04,778] {standard_task_runner.py:78} INFO - Job 28: Subtask transform_twitter_sorocaba
[2022-01-23 16:47:04,800] {logging_mixin.py:112} INFO - Running <TaskInstance: twitter_dag.transform_twitter_sorocaba 2022-01-22T19:45:00+00:00 [running]> on host nicholas-VirtualBox-ubuntu1804
[2022-01-23 16:47:04,838] {base_hook.py:89} INFO - Using connection to: id: spark_default. Host: local, Port: None, Schema: None, Login: None, Password: None, extra: XXXXXXXX
[2022-01-23 16:47:04,840] {spark_submit_hook.py:325} INFO - Spark-Submit cmd: /home/nicholas/Downloads/spark-3.2.0-bin-hadoop3.2/bin/spark-submit --master local --name twitter_transformation /home/nicholas/datapipeline/spark/transformation.py --src /home/nicholas/datapipeline/datalake/bronze/twitter_sorocaba/extract_date=2022-01-22 --dest /home/nicholas/datapipeline/datalake/silver/twitter_sorocaba/ --process-date 2022-01-22
[2022-01-23 16:47:07,331] {spark_submit_hook.py:479} INFO - 22/01/23 16:47:07 WARN Utils: Your hostname, nicholas-VirtualBox-ubuntu1804 resolves to a loopback address: 127.0.1.1; using 10.0.2.15 instead (on interface enp0s3)
[2022-01-23 16:47:07,331] {spark_submit_hook.py:479} INFO - 22/01/23 16:47:07 WARN Utils: Set SPARK_LOCAL_IP if you need to bind to another address
[2022-01-23 16:47:08,483] {spark_submit_hook.py:479} INFO - Using Spark's default log4j profile: org/apache/spark/log4j-defaults.properties
[2022-01-23 16:47:08,496] {spark_submit_hook.py:479} INFO - 22/01/23 16:47:08 INFO SparkContext: Running Spark version 3.2.0
[2022-01-23 16:47:08,694] {spark_submit_hook.py:479} INFO - 22/01/23 16:47:08 WARN NativeCodeLoader: Unable to load native-hadoop library for your platform... using builtin-java classes where applicable
[2022-01-23 16:47:08,893] {spark_submit_hook.py:479} INFO - 22/01/23 16:47:08 INFO ResourceUtils: ==============================================================
[2022-01-23 16:47:08,893] {spark_submit_hook.py:479} INFO - 22/01/23 16:47:08 INFO ResourceUtils: No custom resources configured for spark.driver.
[2022-01-23 16:47:08,893] {spark_submit_hook.py:479} INFO - 22/01/23 16:47:08 INFO ResourceUtils: ==============================================================
[2022-01-23 16:47:08,893] {spark_submit_hook.py:479} INFO - 22/01/23 16:47:08 INFO SparkContext: Submitted application: twitter_transformation
[2022-01-23 16:47:08,919] {spark_submit_hook.py:479} INFO - 22/01/23 16:47:08 INFO ResourceProfile: Default ResourceProfile created, executor resources: Map(cores -> name: cores, amount: 1, script: , vendor: , memory -> name: memory, amount: 1024, script: , vendor: , offHeap -> name: offHeap, amount: 0, script: , vendor: ), task resources: Map(cpus -> name: cpus, amount: 1.0)
[2022-01-23 16:47:08,930] {spark_submit_hook.py:479} INFO - 22/01/23 16:47:08 INFO ResourceProfile: Limiting resource is cpu
[2022-01-23 16:47:08,930] {spark_submit_hook.py:479} INFO - 22/01/23 16:47:08 INFO ResourceProfileManager: Added ResourceProfile id: 0
[2022-01-23 16:47:09,017] {spark_submit_hook.py:479} INFO - 22/01/23 16:47:09 INFO SecurityManager: Changing view acls to: nicholas
[2022-01-23 16:47:09,017] {spark_submit_hook.py:479} INFO - 22/01/23 16:47:09 INFO SecurityManager: Changing modify acls to: nicholas
[2022-01-23 16:47:09,017] {spark_submit_hook.py:479} INFO - 22/01/23 16:47:09 INFO SecurityManager: Changing view acls groups to:
[2022-01-23 16:47:09,018] {spark_submit_hook.py:479} INFO - 22/01/23 16:47:09 INFO SecurityManager: Changing modify acls groups to:
[2022-01-23 16:47:09,018] {spark_submit_hook.py:479} INFO - 22/01/23 16:47:09 INFO SecurityManager: SecurityManager: authentication disabled; ui acls disabled; users  with view permissions: Set(nicholas); groups with view permissions: Set(); users  with modify permissions: Set(nicholas); groups with modify permissions: Set()
[2022-01-23 16:47:09,371] {spark_submit_hook.py:479} INFO - 22/01/23 16:47:09 INFO Utils: Successfully started service 'sparkDriver' on port 37921.
[2022-01-23 16:47:09,404] {spark_submit_hook.py:479} INFO - 22/01/23 16:47:09 INFO SparkEnv: Registering MapOutputTracker
[2022-01-23 16:47:09,442] {spark_submit_hook.py:479} INFO - 22/01/23 16:47:09 INFO SparkEnv: Registering BlockManagerMaster
[2022-01-23 16:47:09,467] {spark_submit_hook.py:479} INFO - 22/01/23 16:47:09 INFO BlockManagerMasterEndpoint: Using org.apache.spark.storage.DefaultTopologyMapper for getting topology information
[2022-01-23 16:47:09,468] {spark_submit_hook.py:479} INFO - 22/01/23 16:47:09 INFO BlockManagerMasterEndpoint: BlockManagerMasterEndpoint up
[2022-01-23 16:47:09,474] {spark_submit_hook.py:479} INFO - 22/01/23 16:47:09 INFO SparkEnv: Registering BlockManagerMasterHeartbeat
[2022-01-23 16:47:09,508] {spark_submit_hook.py:479} INFO - 22/01/23 16:47:09 INFO DiskBlockManager: Created local directory at /tmp/blockmgr-c13d2009-6c15-4f65-98e9-ac9967848e62
[2022-01-23 16:47:09,527] {spark_submit_hook.py:479} INFO - 22/01/23 16:47:09 INFO MemoryStore: MemoryStore started with capacity 366.3 MiB
[2022-01-23 16:47:09,544] {spark_submit_hook.py:479} INFO - 22/01/23 16:47:09 INFO SparkEnv: Registering OutputCommitCoordinator
[2022-01-23 16:47:09,919] {spark_submit_hook.py:479} INFO - 22/01/23 16:47:09 INFO Utils: Successfully started service 'SparkUI' on port 4040.
[2022-01-23 16:47:10,011] {spark_submit_hook.py:479} INFO - 22/01/23 16:47:10 INFO SparkUI: Bound SparkUI to 0.0.0.0, and started at http://10.0.2.15:4040
[2022-01-23 16:47:10,305] {spark_submit_hook.py:479} INFO - 22/01/23 16:47:10 INFO Executor: Starting executor ID driver on host 10.0.2.15
[2022-01-23 16:47:10,353] {spark_submit_hook.py:479} INFO - 22/01/23 16:47:10 INFO Utils: Successfully started service 'org.apache.spark.network.netty.NettyBlockTransferService' on port 43723.
[2022-01-23 16:47:10,353] {spark_submit_hook.py:479} INFO - 22/01/23 16:47:10 INFO NettyBlockTransferService: Server created on 10.0.2.15:43723
[2022-01-23 16:47:10,363] {spark_submit_hook.py:479} INFO - 22/01/23 16:47:10 INFO BlockManager: Using org.apache.spark.storage.RandomBlockReplicationPolicy for block replication policy
[2022-01-23 16:47:10,370] {spark_submit_hook.py:479} INFO - 22/01/23 16:47:10 INFO BlockManagerMaster: Registering BlockManager BlockManagerId(driver, 10.0.2.15, 43723, None)
[2022-01-23 16:47:10,375] {spark_submit_hook.py:479} INFO - 22/01/23 16:47:10 INFO BlockManagerMasterEndpoint: Registering block manager 10.0.2.15:43723 with 366.3 MiB RAM, BlockManagerId(driver, 10.0.2.15, 43723, None)
[2022-01-23 16:47:10,376] {spark_submit_hook.py:479} INFO - 22/01/23 16:47:10 INFO BlockManagerMaster: Registered BlockManager BlockManagerId(driver, 10.0.2.15, 43723, None)
[2022-01-23 16:47:10,378] {spark_submit_hook.py:479} INFO - 22/01/23 16:47:10 INFO BlockManager: Initialized BlockManager: BlockManagerId(driver, 10.0.2.15, 43723, None)
[2022-01-23 16:47:10,684] {spark_submit_hook.py:479} INFO - /home/nicholas/Downloads/spark-3.2.0-bin-hadoop3.2/python/lib/pyspark.zip/pyspark/context.py:238: FutureWarning: Python 3.6 support is deprecated in Spark 3.2.
[2022-01-23 16:47:10,684] {spark_submit_hook.py:479} INFO - FutureWarning
[2022-01-23 16:47:11,107] {spark_submit_hook.py:479} INFO - 22/01/23 16:47:11 INFO SharedState: Setting hive.metastore.warehouse.dir ('null') to the value of spark.sql.warehouse.dir.
[2022-01-23 16:47:11,149] {spark_submit_hook.py:479} INFO - 22/01/23 16:47:11 INFO SharedState: Warehouse path is 'file:/home/nicholas/datapipeline/spark-warehouse'.
[2022-01-23 16:47:12,447] {spark_submit_hook.py:479} INFO - 22/01/23 16:47:12 INFO InMemoryFileIndex: It took 44 ms to list leaf files for 1 paths.
[2022-01-23 16:47:12,612] {spark_submit_hook.py:479} INFO - 22/01/23 16:47:12 INFO InMemoryFileIndex: It took 1 ms to list leaf files for 1 paths.
[2022-01-23 16:47:15,056] {spark_submit_hook.py:479} INFO - 22/01/23 16:47:15 INFO FileSourceStrategy: Pushed Filters:
[2022-01-23 16:47:15,059] {spark_submit_hook.py:479} INFO - 22/01/23 16:47:15 INFO FileSourceStrategy: Post-Scan Filters:
[2022-01-23 16:47:15,064] {spark_submit_hook.py:479} INFO - 22/01/23 16:47:15 INFO FileSourceStrategy: Output Data Schema: struct<value: string>
[2022-01-23 16:47:15,646] {spark_submit_hook.py:479} INFO - 22/01/23 16:47:15 INFO MemoryStore: Block broadcast_0 stored as values in memory (estimated size 338.1 KiB, free 366.0 MiB)
[2022-01-23 16:47:15,743] {spark_submit_hook.py:479} INFO - 22/01/23 16:47:15 INFO MemoryStore: Block broadcast_0_piece0 stored as bytes in memory (estimated size 32.5 KiB, free 365.9 MiB)
[2022-01-23 16:47:15,747] {spark_submit_hook.py:479} INFO - 22/01/23 16:47:15 INFO BlockManagerInfo: Added broadcast_0_piece0 in memory on 10.0.2.15:43723 (size: 32.5 KiB, free: 366.3 MiB)
[2022-01-23 16:47:15,753] {spark_submit_hook.py:479} INFO - 22/01/23 16:47:15 INFO SparkContext: Created broadcast 0 from json at NativeMethodAccessorImpl.java:0
[2022-01-23 16:47:15,767] {spark_submit_hook.py:479} INFO - 22/01/23 16:47:15 INFO FileSourceScanExec: Planning scan with bin packing, max size: 4672918 bytes, open cost is considered as scanning 4194304 bytes.
[2022-01-23 16:47:15,924] {spark_submit_hook.py:479} INFO - 22/01/23 16:47:15 INFO SparkContext: Starting job: json at NativeMethodAccessorImpl.java:0
[2022-01-23 16:47:15,940] {spark_submit_hook.py:479} INFO - 22/01/23 16:47:15 INFO DAGScheduler: Got job 0 (json at NativeMethodAccessorImpl.java:0) with 1 output partitions
[2022-01-23 16:47:15,940] {spark_submit_hook.py:479} INFO - 22/01/23 16:47:15 INFO DAGScheduler: Final stage: ResultStage 0 (json at NativeMethodAccessorImpl.java:0)
[2022-01-23 16:47:15,940] {spark_submit_hook.py:479} INFO - 22/01/23 16:47:15 INFO DAGScheduler: Parents of final stage: List()
[2022-01-23 16:47:15,941] {spark_submit_hook.py:479} INFO - 22/01/23 16:47:15 INFO DAGScheduler: Missing parents: List()
[2022-01-23 16:47:15,950] {spark_submit_hook.py:479} INFO - 22/01/23 16:47:15 INFO DAGScheduler: Submitting ResultStage 0 (MapPartitionsRDD[3] at json at NativeMethodAccessorImpl.java:0), which has no missing parents
[2022-01-23 16:47:16,035] {spark_submit_hook.py:479} INFO - 22/01/23 16:47:16 INFO MemoryStore: Block broadcast_1 stored as values in memory (estimated size 12.4 KiB, free 365.9 MiB)
[2022-01-23 16:47:16,038] {spark_submit_hook.py:479} INFO - 22/01/23 16:47:16 INFO MemoryStore: Block broadcast_1_piece0 stored as bytes in memory (estimated size 6.5 KiB, free 365.9 MiB)
[2022-01-23 16:47:16,039] {spark_submit_hook.py:479} INFO - 22/01/23 16:47:16 INFO BlockManagerInfo: Added broadcast_1_piece0 in memory on 10.0.2.15:43723 (size: 6.5 KiB, free: 366.3 MiB)
[2022-01-23 16:47:16,040] {spark_submit_hook.py:479} INFO - 22/01/23 16:47:16 INFO SparkContext: Created broadcast 1 from broadcast at DAGScheduler.scala:1427
[2022-01-23 16:47:16,082] {spark_submit_hook.py:479} INFO - 22/01/23 16:47:16 INFO DAGScheduler: Submitting 1 missing tasks from ResultStage 0 (MapPartitionsRDD[3] at json at NativeMethodAccessorImpl.java:0) (first 15 tasks are for partitions Vector(0))
[2022-01-23 16:47:16,083] {spark_submit_hook.py:479} INFO - 22/01/23 16:47:16 INFO TaskSchedulerImpl: Adding task set 0.0 with 1 tasks resource profile 0
[2022-01-23 16:47:16,139] {spark_submit_hook.py:479} INFO - 22/01/23 16:47:16 INFO TaskSetManager: Starting task 0.0 in stage 0.0 (TID 0) (10.0.2.15, executor driver, partition 0, PROCESS_LOCAL, 4944 bytes) taskResourceAssignments Map()
[2022-01-23 16:47:16,157] {spark_submit_hook.py:479} INFO - 22/01/23 16:47:16 INFO Executor: Running task 0.0 in stage 0.0 (TID 0)
[2022-01-23 16:47:16,507] {spark_submit_hook.py:479} INFO - 22/01/23 16:47:16 INFO FileScanRDD: Reading File path: file:///home/nicholas/datapipeline/datalake/bronze/twitter_sorocaba/extract_date=2022-01-22/QuerySorocaba_20220122.json, range: 0-478614, partition values: [empty row]
[2022-01-23 16:47:16,758] {spark_submit_hook.py:479} INFO - 22/01/23 16:47:16 INFO CodeGenerator: Code generated in 220.039598 ms
[2022-01-23 16:47:16,869] {spark_submit_hook.py:479} INFO - 22/01/23 16:47:16 INFO Executor: Finished task 0.0 in stage 0.0 (TID 0). 2858 bytes result sent to driver
[2022-01-23 16:47:16,884] {spark_submit_hook.py:479} INFO - 22/01/23 16:47:16 INFO TaskSetManager: Finished task 0.0 in stage 0.0 (TID 0) in 755 ms on 10.0.2.15 (executor driver) (1/1)
[2022-01-23 16:47:16,891] {spark_submit_hook.py:479} INFO - 22/01/23 16:47:16 INFO DAGScheduler: ResultStage 0 (json at NativeMethodAccessorImpl.java:0) finished in 0,926 s
[2022-01-23 16:47:16,893] {spark_submit_hook.py:479} INFO - 22/01/23 16:47:16 INFO TaskSchedulerImpl: Removed TaskSet 0.0, whose tasks have all completed, from pool
[2022-01-23 16:47:16,894] {spark_submit_hook.py:479} INFO - 22/01/23 16:47:16 INFO DAGScheduler: Job 0 is finished. Cancelling potential speculative or zombie tasks for this job
[2022-01-23 16:47:16,895] {spark_submit_hook.py:479} INFO - 22/01/23 16:47:16 INFO TaskSchedulerImpl: Killing all running tasks in stage 0: Stage finished
[2022-01-23 16:47:16,897] {spark_submit_hook.py:479} INFO - 22/01/23 16:47:16 INFO DAGScheduler: Job 0 finished: json at NativeMethodAccessorImpl.java:0, took 0,971782 s
[2022-01-23 16:47:17,443] {spark_submit_hook.py:479} INFO - 22/01/23 16:47:17 INFO FileSourceStrategy: Pushed Filters: IsNotNull(data)
[2022-01-23 16:47:17,445] {spark_submit_hook.py:479} INFO - 22/01/23 16:47:17 INFO FileSourceStrategy: Post-Scan Filters: (size(data#7, true) > 0),isnotnull(data#7)
[2022-01-23 16:47:17,445] {spark_submit_hook.py:479} INFO - 22/01/23 16:47:17 INFO FileSourceStrategy: Output Data Schema: struct<data: array<struct<author_id:string,conversation_id:string,created_at:string,id:string,in_reply_to_user_id:string,public_metrics:struct<like_count:bigint,quote_count:bigint,reply_count:bigint,retweet_count:bigint>,text:string>>>
[2022-01-23 16:47:17,550] {spark_submit_hook.py:479} INFO - 22/01/23 16:47:17 INFO FileOutputCommitter: File Output Committer Algorithm version is 1
[2022-01-23 16:47:17,550] {spark_submit_hook.py:479} INFO - 22/01/23 16:47:17 INFO FileOutputCommitter: FileOutputCommitter skip cleanup _temporary folders under output directory:false, ignore cleanup failures: false
[2022-01-23 16:47:17,551] {spark_submit_hook.py:479} INFO - 22/01/23 16:47:17 INFO SQLHadoopMapReduceCommitProtocol: Using output committer class org.apache.hadoop.mapreduce.lib.output.FileOutputCommitter
[2022-01-23 16:47:17,729] {spark_submit_hook.py:479} INFO - 22/01/23 16:47:17 INFO CodeGenerator: Code generated in 90.877973 ms
[2022-01-23 16:47:17,729] {spark_submit_hook.py:479} INFO - 22/01/23 16:47:17 INFO MemoryStore: Block broadcast_2 stored as values in memory (estimated size 337.9 KiB, free 365.6 MiB)
[2022-01-23 16:47:17,738] {spark_submit_hook.py:479} INFO - 22/01/23 16:47:17 INFO MemoryStore: Block broadcast_2_piece0 stored as bytes in memory (estimated size 32.4 KiB, free 365.6 MiB)
[2022-01-23 16:47:17,739] {spark_submit_hook.py:479} INFO - 22/01/23 16:47:17 INFO BlockManagerInfo: Added broadcast_2_piece0 in memory on 10.0.2.15:43723 (size: 32.4 KiB, free: 366.2 MiB)
[2022-01-23 16:47:17,740] {spark_submit_hook.py:479} INFO - 22/01/23 16:47:17 INFO SparkContext: Created broadcast 2 from json at NativeMethodAccessorImpl.java:0
[2022-01-23 16:47:17,743] {spark_submit_hook.py:479} INFO - 22/01/23 16:47:17 INFO FileSourceScanExec: Planning scan with bin packing, max size: 4672918 bytes, open cost is considered as scanning 4194304 bytes.
[2022-01-23 16:47:17,829] {spark_submit_hook.py:479} INFO - 22/01/23 16:47:17 INFO SparkContext: Starting job: json at NativeMethodAccessorImpl.java:0
[2022-01-23 16:47:17,832] {spark_submit_hook.py:479} INFO - 22/01/23 16:47:17 INFO DAGScheduler: Got job 1 (json at NativeMethodAccessorImpl.java:0) with 1 output partitions
[2022-01-23 16:47:17,833] {spark_submit_hook.py:479} INFO - 22/01/23 16:47:17 INFO DAGScheduler: Final stage: ResultStage 1 (json at NativeMethodAccessorImpl.java:0)
[2022-01-23 16:47:17,833] {spark_submit_hook.py:479} INFO - 22/01/23 16:47:17 INFO DAGScheduler: Parents of final stage: List()
[2022-01-23 16:47:17,833] {spark_submit_hook.py:479} INFO - 22/01/23 16:47:17 INFO DAGScheduler: Missing parents: List()
[2022-01-23 16:47:17,834] {spark_submit_hook.py:479} INFO - 22/01/23 16:47:17 INFO DAGScheduler: Submitting ResultStage 1 (CoalescedRDD[7] at json at NativeMethodAccessorImpl.java:0), which has no missing parents
[2022-01-23 16:47:17,966] {spark_submit_hook.py:479} INFO - 22/01/23 16:47:17 INFO MemoryStore: Block broadcast_3 stored as values in memory (estimated size 223.4 KiB, free 365.3 MiB)
[2022-01-23 16:47:17,981] {spark_submit_hook.py:479} INFO - 22/01/23 16:47:17 INFO MemoryStore: Block broadcast_3_piece0 stored as bytes in memory (estimated size 76.7 KiB, free 365.3 MiB)
[2022-01-23 16:47:17,983] {spark_submit_hook.py:479} INFO - 22/01/23 16:47:17 INFO BlockManagerInfo: Added broadcast_3_piece0 in memory on 10.0.2.15:43723 (size: 76.7 KiB, free: 366.2 MiB)
[2022-01-23 16:47:17,985] {spark_submit_hook.py:479} INFO - 22/01/23 16:47:17 INFO SparkContext: Created broadcast 3 from broadcast at DAGScheduler.scala:1427
[2022-01-23 16:47:17,993] {spark_submit_hook.py:479} INFO - 22/01/23 16:47:17 INFO DAGScheduler: Submitting 1 missing tasks from ResultStage 1 (CoalescedRDD[7] at json at NativeMethodAccessorImpl.java:0) (first 15 tasks are for partitions Vector(0))
[2022-01-23 16:47:17,996] {spark_submit_hook.py:479} INFO - 22/01/23 16:47:17 INFO TaskSchedulerImpl: Adding task set 1.0 with 1 tasks resource profile 0
[2022-01-23 16:47:18,011] {spark_submit_hook.py:479} INFO - 22/01/23 16:47:18 INFO TaskSetManager: Starting task 0.0 in stage 1.0 (TID 1) (10.0.2.15, executor driver, partition 0, PROCESS_LOCAL, 5173 bytes) taskResourceAssignments Map()
[2022-01-23 16:47:18,017] {spark_submit_hook.py:479} INFO - 22/01/23 16:47:18 INFO Executor: Running task 0.0 in stage 1.0 (TID 1)
[2022-01-23 16:47:18,165] {spark_submit_hook.py:479} INFO - 22/01/23 16:47:18 INFO FileOutputCommitter: File Output Committer Algorithm version is 1
[2022-01-23 16:47:18,166] {spark_submit_hook.py:479} INFO - 22/01/23 16:47:18 INFO FileOutputCommitter: FileOutputCommitter skip cleanup _temporary folders under output directory:false, ignore cleanup failures: false
[2022-01-23 16:47:18,170] {spark_submit_hook.py:479} INFO - 22/01/23 16:47:18 INFO SQLHadoopMapReduceCommitProtocol: Using output committer class org.apache.hadoop.mapreduce.lib.output.FileOutputCommitter
[2022-01-23 16:47:18,272] {spark_submit_hook.py:479} INFO - 22/01/23 16:47:18 INFO FileScanRDD: Reading File path: file:///home/nicholas/datapipeline/datalake/bronze/twitter_sorocaba/extract_date=2022-01-22/QuerySorocaba_20220122.json, range: 0-478614, partition values: [empty row]
[2022-01-23 16:47:18,313] {spark_submit_hook.py:479} INFO - 22/01/23 16:47:18 INFO CodeGenerator: Code generated in 30.437982 ms
[2022-01-23 16:47:18,345] {spark_submit_hook.py:479} INFO - 22/01/23 16:47:18 INFO CodeGenerator: Code generated in 6.802555 ms
[2022-01-23 16:47:18,529] {spark_submit_hook.py:479} INFO - 22/01/23 16:47:18 INFO FileOutputCommitter: Saved output of task 'attempt_20220123164717997220238334246220_0001_m_000000_1' to file:/home/nicholas/datapipeline/datalake/silver/twitter_sorocaba/tweet/process_date=2022-01-22/_temporary/0/task_20220123164717997220238334246220_0001_m_000000
[2022-01-23 16:47:18,529] {spark_submit_hook.py:479} INFO - 22/01/23 16:47:18 INFO SparkHadoopMapRedUtil: attempt_20220123164717997220238334246220_0001_m_000000_1: Committed
[2022-01-23 16:47:18,536] {spark_submit_hook.py:479} INFO - 22/01/23 16:47:18 INFO Executor: Finished task 0.0 in stage 1.0 (TID 1). 2670 bytes result sent to driver
[2022-01-23 16:47:18,545] {spark_submit_hook.py:479} INFO - 22/01/23 16:47:18 INFO TaskSetManager: Finished task 0.0 in stage 1.0 (TID 1) in 545 ms on 10.0.2.15 (executor driver) (1/1)
[2022-01-23 16:47:18,556] {spark_submit_hook.py:479} INFO - 22/01/23 16:47:18 INFO DAGScheduler: ResultStage 1 (json at NativeMethodAccessorImpl.java:0) finished in 0,715 s
[2022-01-23 16:47:18,556] {spark_submit_hook.py:479} INFO - 22/01/23 16:47:18 INFO DAGScheduler: Job 1 is finished. Cancelling potential speculative or zombie tasks for this job
[2022-01-23 16:47:18,565] {spark_submit_hook.py:479} INFO - 22/01/23 16:47:18 INFO TaskSchedulerImpl: Removed TaskSet 1.0, whose tasks have all completed, from pool
[2022-01-23 16:47:18,566] {spark_submit_hook.py:479} INFO - 22/01/23 16:47:18 INFO TaskSchedulerImpl: Killing all running tasks in stage 1: Stage finished
[2022-01-23 16:47:18,566] {spark_submit_hook.py:479} INFO - 22/01/23 16:47:18 INFO DAGScheduler: Job 1 finished: json at NativeMethodAccessorImpl.java:0, took 0,736691 s
[2022-01-23 16:47:18,567] {spark_submit_hook.py:479} INFO - 22/01/23 16:47:18 INFO FileFormatWriter: Start to commit write Job 3c1ae15b-fcd4-45a1-8811-15f034fec849.
[2022-01-23 16:47:18,585] {spark_submit_hook.py:479} INFO - 22/01/23 16:47:18 INFO FileFormatWriter: Write Job 3c1ae15b-fcd4-45a1-8811-15f034fec849 committed. Elapsed time: 17 ms.
[2022-01-23 16:47:18,590] {spark_submit_hook.py:479} INFO - 22/01/23 16:47:18 INFO FileFormatWriter: Finished processing stats for write job 3c1ae15b-fcd4-45a1-8811-15f034fec849.
[2022-01-23 16:47:18,627] {spark_submit_hook.py:479} INFO - 22/01/23 16:47:18 INFO FileSourceStrategy: Pushed Filters: IsNotNull(includes)
[2022-01-23 16:47:18,627] {spark_submit_hook.py:479} INFO - 22/01/23 16:47:18 INFO FileSourceStrategy: Post-Scan Filters: isnotnull(includes#8),(size(includes#8.users, true) > 0),isnotnull(includes#8.users)
[2022-01-23 16:47:18,627] {spark_submit_hook.py:479} INFO - 22/01/23 16:47:18 INFO FileSourceStrategy: Output Data Schema: struct<includes: struct<users: array<struct<created_at:string,id:string,name:string,username:string>>>>
[2022-01-23 16:47:18,637] {spark_submit_hook.py:479} INFO - 22/01/23 16:47:18 INFO FileOutputCommitter: File Output Committer Algorithm version is 1
[2022-01-23 16:47:18,637] {spark_submit_hook.py:479} INFO - 22/01/23 16:47:18 INFO FileOutputCommitter: FileOutputCommitter skip cleanup _temporary folders under output directory:false, ignore cleanup failures: false
[2022-01-23 16:47:18,638] {spark_submit_hook.py:479} INFO - 22/01/23 16:47:18 INFO SQLHadoopMapReduceCommitProtocol: Using output committer class org.apache.hadoop.mapreduce.lib.output.FileOutputCommitter
[2022-01-23 16:47:18,747] {spark_submit_hook.py:479} INFO - 22/01/23 16:47:18 INFO CodeGenerator: Code generated in 70.276498 ms
[2022-01-23 16:47:18,760] {spark_submit_hook.py:479} INFO - 22/01/23 16:47:18 INFO BlockManagerInfo: Removed broadcast_2_piece0 on 10.0.2.15:43723 in memory (size: 32.4 KiB, free: 366.2 MiB)
[2022-01-23 16:47:18,767] {spark_submit_hook.py:479} INFO - 22/01/23 16:47:18 INFO MemoryStore: Block broadcast_4 stored as values in memory (estimated size 337.9 KiB, free 365.3 MiB)
[2022-01-23 16:47:18,791] {spark_submit_hook.py:479} INFO - 22/01/23 16:47:18 INFO MemoryStore: Block broadcast_4_piece0 stored as bytes in memory (estimated size 32.4 KiB, free 365.3 MiB)
[2022-01-23 16:47:18,792] {spark_submit_hook.py:479} INFO - 22/01/23 16:47:18 INFO BlockManagerInfo: Added broadcast_4_piece0 in memory on 10.0.2.15:43723 (size: 32.4 KiB, free: 366.2 MiB)
[2022-01-23 16:47:18,793] {spark_submit_hook.py:479} INFO - 22/01/23 16:47:18 INFO SparkContext: Created broadcast 4 from json at NativeMethodAccessorImpl.java:0
[2022-01-23 16:47:18,801] {spark_submit_hook.py:479} INFO - 22/01/23 16:47:18 INFO FileSourceScanExec: Planning scan with bin packing, max size: 4672918 bytes, open cost is considered as scanning 4194304 bytes.
[2022-01-23 16:47:18,803] {spark_submit_hook.py:479} INFO - 22/01/23 16:47:18 INFO BlockManagerInfo: Removed broadcast_3_piece0 on 10.0.2.15:43723 in memory (size: 76.7 KiB, free: 366.2 MiB)
[2022-01-23 16:47:18,847] {spark_submit_hook.py:479} INFO - 22/01/23 16:47:18 INFO SparkContext: Starting job: json at NativeMethodAccessorImpl.java:0
[2022-01-23 16:47:18,849] {spark_submit_hook.py:479} INFO - 22/01/23 16:47:18 INFO DAGScheduler: Got job 2 (json at NativeMethodAccessorImpl.java:0) with 1 output partitions
[2022-01-23 16:47:18,849] {spark_submit_hook.py:479} INFO - 22/01/23 16:47:18 INFO DAGScheduler: Final stage: ResultStage 2 (json at NativeMethodAccessorImpl.java:0)
[2022-01-23 16:47:18,849] {spark_submit_hook.py:479} INFO - 22/01/23 16:47:18 INFO DAGScheduler: Parents of final stage: List()
[2022-01-23 16:47:18,849] {spark_submit_hook.py:479} INFO - 22/01/23 16:47:18 INFO DAGScheduler: Missing parents: List()
[2022-01-23 16:47:18,852] {spark_submit_hook.py:479} INFO - 22/01/23 16:47:18 INFO DAGScheduler: Submitting ResultStage 2 (CoalescedRDD[11] at json at NativeMethodAccessorImpl.java:0), which has no missing parents
[2022-01-23 16:47:18,872] {spark_submit_hook.py:479} INFO - 22/01/23 16:47:18 INFO MemoryStore: Block broadcast_5 stored as values in memory (estimated size 211.1 KiB, free 365.4 MiB)
[2022-01-23 16:47:18,874] {spark_submit_hook.py:479} INFO - 22/01/23 16:47:18 INFO MemoryStore: Block broadcast_5_piece0 stored as bytes in memory (estimated size 75.2 KiB, free 365.3 MiB)
[2022-01-23 16:47:18,874] {spark_submit_hook.py:479} INFO - 22/01/23 16:47:18 INFO BlockManagerInfo: Added broadcast_5_piece0 in memory on 10.0.2.15:43723 (size: 75.2 KiB, free: 366.2 MiB)
[2022-01-23 16:47:18,875] {spark_submit_hook.py:479} INFO - 22/01/23 16:47:18 INFO SparkContext: Created broadcast 5 from broadcast at DAGScheduler.scala:1427
[2022-01-23 16:47:18,876] {spark_submit_hook.py:479} INFO - 22/01/23 16:47:18 INFO DAGScheduler: Submitting 1 missing tasks from ResultStage 2 (CoalescedRDD[11] at json at NativeMethodAccessorImpl.java:0) (first 15 tasks are for partitions Vector(0))
[2022-01-23 16:47:18,876] {spark_submit_hook.py:479} INFO - 22/01/23 16:47:18 INFO TaskSchedulerImpl: Adding task set 2.0 with 1 tasks resource profile 0
[2022-01-23 16:47:18,877] {spark_submit_hook.py:479} INFO - 22/01/23 16:47:18 INFO TaskSetManager: Starting task 0.0 in stage 2.0 (TID 2) (10.0.2.15, executor driver, partition 0, PROCESS_LOCAL, 5173 bytes) taskResourceAssignments Map()
[2022-01-23 16:47:18,878] {spark_submit_hook.py:479} INFO - 22/01/23 16:47:18 INFO Executor: Running task 0.0 in stage 2.0 (TID 2)
[2022-01-23 16:47:18,892] {spark_submit_hook.py:479} INFO - 22/01/23 16:47:18 INFO FileOutputCommitter: File Output Committer Algorithm version is 1
[2022-01-23 16:47:18,893] {spark_submit_hook.py:479} INFO - 22/01/23 16:47:18 INFO FileOutputCommitter: FileOutputCommitter skip cleanup _temporary folders under output directory:false, ignore cleanup failures: false
[2022-01-23 16:47:18,893] {spark_submit_hook.py:479} INFO - 22/01/23 16:47:18 INFO SQLHadoopMapReduceCommitProtocol: Using output committer class org.apache.hadoop.mapreduce.lib.output.FileOutputCommitter
[2022-01-23 16:47:18,912] {spark_submit_hook.py:479} INFO - 22/01/23 16:47:18 INFO FileScanRDD: Reading File path: file:///home/nicholas/datapipeline/datalake/bronze/twitter_sorocaba/extract_date=2022-01-22/QuerySorocaba_20220122.json, range: 0-478614, partition values: [empty row]
[2022-01-23 16:47:18,947] {spark_submit_hook.py:479} INFO - 22/01/23 16:47:18 INFO CodeGenerator: Code generated in 31.60767 ms
[2022-01-23 16:47:18,960] {spark_submit_hook.py:479} INFO - 22/01/23 16:47:18 INFO CodeGenerator: Code generated in 10.538651 ms
[2022-01-23 16:47:19,022] {spark_submit_hook.py:479} INFO - 22/01/23 16:47:19 INFO FileOutputCommitter: Saved output of task 'attempt_202201231647183085362782162330992_0002_m_000000_2' to file:/home/nicholas/datapipeline/datalake/silver/twitter_sorocaba/user/process_date=2022-01-22/_temporary/0/task_202201231647183085362782162330992_0002_m_000000
[2022-01-23 16:47:19,022] {spark_submit_hook.py:479} INFO - 22/01/23 16:47:19 INFO SparkHadoopMapRedUtil: attempt_202201231647183085362782162330992_0002_m_000000_2: Committed
[2022-01-23 16:47:19,023] {spark_submit_hook.py:479} INFO - 22/01/23 16:47:19 INFO Executor: Finished task 0.0 in stage 2.0 (TID 2). 2627 bytes result sent to driver
[2022-01-23 16:47:19,029] {spark_submit_hook.py:479} INFO - 22/01/23 16:47:19 INFO TaskSetManager: Finished task 0.0 in stage 2.0 (TID 2) in 153 ms on 10.0.2.15 (executor driver) (1/1)
[2022-01-23 16:47:19,030] {spark_submit_hook.py:479} INFO - 22/01/23 16:47:19 INFO TaskSchedulerImpl: Removed TaskSet 2.0, whose tasks have all completed, from pool
[2022-01-23 16:47:19,037] {spark_submit_hook.py:479} INFO - 22/01/23 16:47:19 INFO DAGScheduler: ResultStage 2 (json at NativeMethodAccessorImpl.java:0) finished in 0,186 s
[2022-01-23 16:47:19,039] {spark_submit_hook.py:479} INFO - 22/01/23 16:47:19 INFO DAGScheduler: Job 2 is finished. Cancelling potential speculative or zombie tasks for this job
[2022-01-23 16:47:19,039] {spark_submit_hook.py:479} INFO - 22/01/23 16:47:19 INFO TaskSchedulerImpl: Killing all running tasks in stage 2: Stage finished
[2022-01-23 16:47:19,039] {spark_submit_hook.py:479} INFO - 22/01/23 16:47:19 INFO DAGScheduler: Job 2 finished: json at NativeMethodAccessorImpl.java:0, took 0,192100 s
[2022-01-23 16:47:19,040] {spark_submit_hook.py:479} INFO - 22/01/23 16:47:19 INFO FileFormatWriter: Start to commit write Job 6ba5ea29-d499-444f-89f4-6137e968703e.
[2022-01-23 16:47:19,099] {spark_submit_hook.py:479} INFO - 22/01/23 16:47:19 INFO FileFormatWriter: Write Job 6ba5ea29-d499-444f-89f4-6137e968703e committed. Elapsed time: 59 ms.
[2022-01-23 16:47:19,099] {spark_submit_hook.py:479} INFO - 22/01/23 16:47:19 INFO FileFormatWriter: Finished processing stats for write job 6ba5ea29-d499-444f-89f4-6137e968703e.
[2022-01-23 16:47:19,231] {spark_submit_hook.py:479} INFO - 22/01/23 16:47:19 INFO SparkContext: Invoking stop() from shutdown hook
[2022-01-23 16:47:19,256] {spark_submit_hook.py:479} INFO - 22/01/23 16:47:19 INFO SparkUI: Stopped Spark web UI at http://10.0.2.15:4040
[2022-01-23 16:47:19,286] {spark_submit_hook.py:479} INFO - 22/01/23 16:47:19 INFO MapOutputTrackerMasterEndpoint: MapOutputTrackerMasterEndpoint stopped!
[2022-01-23 16:47:19,315] {spark_submit_hook.py:479} INFO - 22/01/23 16:47:19 INFO MemoryStore: MemoryStore cleared
[2022-01-23 16:47:19,316] {spark_submit_hook.py:479} INFO - 22/01/23 16:47:19 INFO BlockManager: BlockManager stopped
[2022-01-23 16:47:19,320] {spark_submit_hook.py:479} INFO - 22/01/23 16:47:19 INFO BlockManagerMaster: BlockManagerMaster stopped
[2022-01-23 16:47:19,323] {spark_submit_hook.py:479} INFO - 22/01/23 16:47:19 INFO OutputCommitCoordinator$OutputCommitCoordinatorEndpoint: OutputCommitCoordinator stopped!
[2022-01-23 16:47:19,339] {spark_submit_hook.py:479} INFO - 22/01/23 16:47:19 INFO SparkContext: Successfully stopped SparkContext
[2022-01-23 16:47:19,339] {spark_submit_hook.py:479} INFO - 22/01/23 16:47:19 INFO ShutdownHookManager: Shutdown hook called
[2022-01-23 16:47:19,339] {spark_submit_hook.py:479} INFO - 22/01/23 16:47:19 INFO ShutdownHookManager: Deleting directory /tmp/spark-2681a89b-8a41-4825-952e-661dfea51e2d
[2022-01-23 16:47:19,355] {spark_submit_hook.py:479} INFO - 22/01/23 16:47:19 INFO ShutdownHookManager: Deleting directory /tmp/spark-08d9cb91-ee36-47ba-87ba-22b8455c3cf9
[2022-01-23 16:47:19,363] {spark_submit_hook.py:479} INFO - 22/01/23 16:47:19 INFO ShutdownHookManager: Deleting directory /tmp/spark-2681a89b-8a41-4825-952e-661dfea51e2d/pyspark-cb21ff8b-40d1-4624-9915-16149c2b0b4d
[2022-01-23 16:47:19,522] {taskinstance.py:1070} INFO - Marking task as SUCCESS.dag_id=twitter_dag, task_id=transform_twitter_sorocaba, execution_date=20220122T194500, start_date=20220123T194704, end_date=20220123T194719
[2022-01-23 16:47:19,666] {local_task_job.py:102} INFO - Task exited with return code 0
