[2022-01-16 18:34:25,314] {scheduler_job.py:155} INFO - Started process (PID=11038) to work on /home/nicholas/datapipeline/airflow/dags/twitter_dag.py
[2022-01-16 18:34:25,317] {scheduler_job.py:1572} INFO - Processing file /home/nicholas/datapipeline/airflow/dags/twitter_dag.py for tasks to queue
[2022-01-16 18:34:25,318] {logging_mixin.py:112} INFO - [2022-01-16 18:34:25,318] {dagbag.py:417} INFO - Filling up the DagBag from /home/nicholas/datapipeline/airflow/dags/twitter_dag.py
[2022-01-16 18:34:25,321] {logging_mixin.py:112} INFO - [2022-01-16 18:34:25,320] {dagbag.py:259} ERROR - Failed to import: /home/nicholas/datapipeline/airflow/dags/twitter_dag.py
Traceback (most recent call last):
  File "/home/nicholas/datapipeline/.env/lib/python3.6/site-packages/airflow/models/dagbag.py", line 256, in process_file
    m = imp.load_source(mod_name, filepath)
  File "/usr/lib/python3.6/imp.py", line 172, in load_source
    module = _load(spec)
  File "<frozen importlib._bootstrap>", line 684, in _load
  File "<frozen importlib._bootstrap>", line 665, in _load_unlocked
  File "<frozen importlib._bootstrap_external>", line 674, in exec_module
  File "<frozen importlib._bootstrap_external>", line 781, in get_code
  File "<frozen importlib._bootstrap_external>", line 741, in source_to_code
  File "<frozen importlib._bootstrap>", line 219, in _call_with_frames_removed
  File "/home/nicholas/datapipeline/airflow/dags/twitter_dag.py", line 5
    with DAG(dag_id="twitter_dag", start_date=datetime.now())
                                                            ^
SyntaxError: invalid syntax
[2022-01-16 18:34:25,321] {scheduler_job.py:1586} WARNING - No viable dags retrieved from /home/nicholas/datapipeline/airflow/dags/twitter_dag.py
[2022-01-16 18:34:25,340] {scheduler_job.py:163} INFO - Processing /home/nicholas/datapipeline/airflow/dags/twitter_dag.py took 0.026 seconds
[2022-01-16 18:35:17,399] {scheduler_job.py:155} INFO - Started process (PID=11071) to work on /home/nicholas/datapipeline/airflow/dags/twitter_dag.py
[2022-01-16 18:35:17,404] {scheduler_job.py:1572} INFO - Processing file /home/nicholas/datapipeline/airflow/dags/twitter_dag.py for tasks to queue
[2022-01-16 18:35:17,405] {logging_mixin.py:112} INFO - [2022-01-16 18:35:17,404] {dagbag.py:417} INFO - Filling up the DagBag from /home/nicholas/datapipeline/airflow/dags/twitter_dag.py
[2022-01-16 18:35:17,409] {logging_mixin.py:112} INFO - [2022-01-16 18:35:17,408] {dagbag.py:259} ERROR - Failed to import: /home/nicholas/datapipeline/airflow/dags/twitter_dag.py
Traceback (most recent call last):
  File "/home/nicholas/datapipeline/.env/lib/python3.6/site-packages/airflow/models/dagbag.py", line 256, in process_file
    m = imp.load_source(mod_name, filepath)
  File "/usr/lib/python3.6/imp.py", line 172, in load_source
    module = _load(spec)
  File "<frozen importlib._bootstrap>", line 684, in _load
  File "<frozen importlib._bootstrap>", line 665, in _load_unlocked
  File "<frozen importlib._bootstrap_external>", line 674, in exec_module
  File "<frozen importlib._bootstrap_external>", line 781, in get_code
  File "<frozen importlib._bootstrap_external>", line 741, in source_to_code
  File "<frozen importlib._bootstrap>", line 219, in _call_with_frames_removed
  File "/home/nicholas/datapipeline/airflow/dags/twitter_dag.py", line 5
    with DAG(dag_id="twitter_dag", start_date=datetime.now())
                                                            ^
SyntaxError: invalid syntax
[2022-01-16 18:35:17,409] {scheduler_job.py:1586} WARNING - No viable dags retrieved from /home/nicholas/datapipeline/airflow/dags/twitter_dag.py
[2022-01-16 18:35:17,431] {scheduler_job.py:163} INFO - Processing /home/nicholas/datapipeline/airflow/dags/twitter_dag.py took 0.032 seconds
[2022-01-16 18:36:09,486] {scheduler_job.py:155} INFO - Started process (PID=11108) to work on /home/nicholas/datapipeline/airflow/dags/twitter_dag.py
[2022-01-16 18:36:09,488] {scheduler_job.py:1572} INFO - Processing file /home/nicholas/datapipeline/airflow/dags/twitter_dag.py for tasks to queue
[2022-01-16 18:36:09,488] {logging_mixin.py:112} INFO - [2022-01-16 18:36:09,488] {dagbag.py:417} INFO - Filling up the DagBag from /home/nicholas/datapipeline/airflow/dags/twitter_dag.py
[2022-01-16 18:36:09,491] {logging_mixin.py:112} INFO - [2022-01-16 18:36:09,490] {dagbag.py:259} ERROR - Failed to import: /home/nicholas/datapipeline/airflow/dags/twitter_dag.py
Traceback (most recent call last):
  File "/home/nicholas/datapipeline/.env/lib/python3.6/site-packages/airflow/models/dagbag.py", line 256, in process_file
    m = imp.load_source(mod_name, filepath)
  File "/usr/lib/python3.6/imp.py", line 172, in load_source
    module = _load(spec)
  File "<frozen importlib._bootstrap>", line 684, in _load
  File "<frozen importlib._bootstrap>", line 665, in _load_unlocked
  File "<frozen importlib._bootstrap_external>", line 674, in exec_module
  File "<frozen importlib._bootstrap_external>", line 781, in get_code
  File "<frozen importlib._bootstrap_external>", line 741, in source_to_code
  File "<frozen importlib._bootstrap>", line 219, in _call_with_frames_removed
  File "/home/nicholas/datapipeline/airflow/dags/twitter_dag.py", line 5
    with DAG(dag_id="twitter_dag", start_date=datetime.now())
                                                            ^
SyntaxError: invalid syntax
[2022-01-16 18:36:09,491] {scheduler_job.py:1586} WARNING - No viable dags retrieved from /home/nicholas/datapipeline/airflow/dags/twitter_dag.py
[2022-01-16 18:36:09,504] {scheduler_job.py:163} INFO - Processing /home/nicholas/datapipeline/airflow/dags/twitter_dag.py took 0.018 seconds
[2022-01-16 18:42:37,640] {scheduler_job.py:155} INFO - Started process (PID=11252) to work on /home/nicholas/datapipeline/airflow/dags/twitter_dag.py
[2022-01-16 18:42:37,642] {scheduler_job.py:1572} INFO - Processing file /home/nicholas/datapipeline/airflow/dags/twitter_dag.py for tasks to queue
[2022-01-16 18:42:37,643] {logging_mixin.py:112} INFO - [2022-01-16 18:42:37,643] {dagbag.py:417} INFO - Filling up the DagBag from /home/nicholas/datapipeline/airflow/dags/twitter_dag.py
[2022-01-16 18:42:37,646] {logging_mixin.py:112} WARNING - /home/nicholas/datapipeline/airflow/dags/twitter_dag.py:2: FutureWarning: Importing 'TwitterOperator' from under 'airflow.operators.*' has been deprecated and should be directly imported as 'operators.twitter_operator.TwitterOperator' instead.

Support for importing from within the airflow namespace for plugins will be dropped entirely in Airflow 2.0. See <http://airflow.apache.org/docs/stable/howto/custom-operator.html>.
  from airflow.operators.alura import TwitterOperator
[2022-01-16 18:42:37,652] {scheduler_job.py:1584} INFO - DAG(s) dict_keys(['twitter_dag']) retrieved from /home/nicholas/datapipeline/airflow/dags/twitter_dag.py
[2022-01-16 18:42:37,658] {logging_mixin.py:112} INFO - [2022-01-16 18:42:37,658] {dag.py:1520} INFO - Creating ORM DAG for twitter_dag
[2022-01-16 18:42:37,679] {scheduler_job.py:163} INFO - Processing /home/nicholas/datapipeline/airflow/dags/twitter_dag.py took 0.040 seconds
[2022-01-16 18:43:29,721] {scheduler_job.py:155} INFO - Started process (PID=11290) to work on /home/nicholas/datapipeline/airflow/dags/twitter_dag.py
[2022-01-16 18:43:29,723] {scheduler_job.py:1572} INFO - Processing file /home/nicholas/datapipeline/airflow/dags/twitter_dag.py for tasks to queue
[2022-01-16 18:43:29,724] {logging_mixin.py:112} INFO - [2022-01-16 18:43:29,724] {dagbag.py:417} INFO - Filling up the DagBag from /home/nicholas/datapipeline/airflow/dags/twitter_dag.py
[2022-01-16 18:43:29,727] {logging_mixin.py:112} WARNING - /home/nicholas/datapipeline/airflow/dags/twitter_dag.py:2: FutureWarning: Importing 'TwitterOperator' from under 'airflow.operators.*' has been deprecated and should be directly imported as 'operators.twitter_operator.TwitterOperator' instead.

Support for importing from within the airflow namespace for plugins will be dropped entirely in Airflow 2.0. See <http://airflow.apache.org/docs/stable/howto/custom-operator.html>.
  from airflow.operators.alura import TwitterOperator
[2022-01-16 18:43:29,729] {scheduler_job.py:1584} INFO - DAG(s) dict_keys(['twitter_dag']) retrieved from /home/nicholas/datapipeline/airflow/dags/twitter_dag.py
[2022-01-16 18:43:29,763] {scheduler_job.py:163} INFO - Processing /home/nicholas/datapipeline/airflow/dags/twitter_dag.py took 0.042 seconds
[2022-01-16 18:44:21,774] {scheduler_job.py:155} INFO - Started process (PID=11327) to work on /home/nicholas/datapipeline/airflow/dags/twitter_dag.py
[2022-01-16 18:44:21,776] {scheduler_job.py:1572} INFO - Processing file /home/nicholas/datapipeline/airflow/dags/twitter_dag.py for tasks to queue
[2022-01-16 18:44:21,776] {logging_mixin.py:112} INFO - [2022-01-16 18:44:21,776] {dagbag.py:417} INFO - Filling up the DagBag from /home/nicholas/datapipeline/airflow/dags/twitter_dag.py
[2022-01-16 18:44:21,778] {logging_mixin.py:112} WARNING - /home/nicholas/datapipeline/airflow/dags/twitter_dag.py:2: FutureWarning: Importing 'TwitterOperator' from under 'airflow.operators.*' has been deprecated and should be directly imported as 'operators.twitter_operator.TwitterOperator' instead.

Support for importing from within the airflow namespace for plugins will be dropped entirely in Airflow 2.0. See <http://airflow.apache.org/docs/stable/howto/custom-operator.html>.
  from airflow.operators.alura import TwitterOperator
[2022-01-16 18:44:21,779] {scheduler_job.py:1584} INFO - DAG(s) dict_keys(['twitter_dag']) retrieved from /home/nicholas/datapipeline/airflow/dags/twitter_dag.py
[2022-01-16 18:44:21,795] {scheduler_job.py:163} INFO - Processing /home/nicholas/datapipeline/airflow/dags/twitter_dag.py took 0.021 seconds
[2022-01-16 20:04:56,269] {scheduler_job.py:155} INFO - Started process (PID=11458) to work on /home/nicholas/datapipeline/airflow/dags/twitter_dag.py
[2022-01-16 20:04:56,270] {scheduler_job.py:1572} INFO - Processing file /home/nicholas/datapipeline/airflow/dags/twitter_dag.py for tasks to queue
[2022-01-16 20:04:56,271] {logging_mixin.py:112} INFO - [2022-01-16 20:04:56,271] {dagbag.py:417} INFO - Filling up the DagBag from /home/nicholas/datapipeline/airflow/dags/twitter_dag.py
[2022-01-16 20:04:56,272] {logging_mixin.py:112} WARNING - /home/nicholas/datapipeline/airflow/dags/twitter_dag.py:2: FutureWarning: Importing 'TwitterOperator' from under 'airflow.operators.*' has been deprecated and should be directly imported as 'operators.twitter_operator.TwitterOperator' instead.

Support for importing from within the airflow namespace for plugins will be dropped entirely in Airflow 2.0. See <http://airflow.apache.org/docs/stable/howto/custom-operator.html>.
  from airflow.operators.alura import TwitterOperator
[2022-01-16 20:04:56,274] {scheduler_job.py:1584} INFO - DAG(s) dict_keys(['twitter_dag']) retrieved from /home/nicholas/datapipeline/airflow/dags/twitter_dag.py
[2022-01-16 20:04:56,292] {scheduler_job.py:163} INFO - Processing /home/nicholas/datapipeline/airflow/dags/twitter_dag.py took 0.024 seconds
[2022-01-16 20:05:48,369] {scheduler_job.py:155} INFO - Started process (PID=11501) to work on /home/nicholas/datapipeline/airflow/dags/twitter_dag.py
[2022-01-16 20:05:48,380] {scheduler_job.py:1572} INFO - Processing file /home/nicholas/datapipeline/airflow/dags/twitter_dag.py for tasks to queue
[2022-01-16 20:05:48,381] {logging_mixin.py:112} INFO - [2022-01-16 20:05:48,380] {dagbag.py:417} INFO - Filling up the DagBag from /home/nicholas/datapipeline/airflow/dags/twitter_dag.py
[2022-01-16 20:05:48,384] {logging_mixin.py:112} WARNING - /home/nicholas/datapipeline/airflow/dags/twitter_dag.py:2: FutureWarning: Importing 'TwitterOperator' from under 'airflow.operators.*' has been deprecated and should be directly imported as 'operators.twitter_operator.TwitterOperator' instead.

Support for importing from within the airflow namespace for plugins will be dropped entirely in Airflow 2.0. See <http://airflow.apache.org/docs/stable/howto/custom-operator.html>.
  from airflow.operators.alura import TwitterOperator
[2022-01-16 20:05:48,390] {scheduler_job.py:1584} INFO - DAG(s) dict_keys(['twitter_dag']) retrieved from /home/nicholas/datapipeline/airflow/dags/twitter_dag.py
[2022-01-16 20:05:48,435] {scheduler_job.py:163} INFO - Processing /home/nicholas/datapipeline/airflow/dags/twitter_dag.py took 0.065 seconds
[2022-01-16 20:06:40,446] {scheduler_job.py:155} INFO - Started process (PID=11531) to work on /home/nicholas/datapipeline/airflow/dags/twitter_dag.py
[2022-01-16 20:06:40,448] {scheduler_job.py:1572} INFO - Processing file /home/nicholas/datapipeline/airflow/dags/twitter_dag.py for tasks to queue
[2022-01-16 20:06:40,449] {logging_mixin.py:112} INFO - [2022-01-16 20:06:40,449] {dagbag.py:417} INFO - Filling up the DagBag from /home/nicholas/datapipeline/airflow/dags/twitter_dag.py
[2022-01-16 20:06:40,453] {logging_mixin.py:112} WARNING - /home/nicholas/datapipeline/airflow/dags/twitter_dag.py:2: FutureWarning: Importing 'TwitterOperator' from under 'airflow.operators.*' has been deprecated and should be directly imported as 'operators.twitter_operator.TwitterOperator' instead.

Support for importing from within the airflow namespace for plugins will be dropped entirely in Airflow 2.0. See <http://airflow.apache.org/docs/stable/howto/custom-operator.html>.
  from airflow.operators.alura import TwitterOperator
[2022-01-16 20:06:40,455] {scheduler_job.py:1584} INFO - DAG(s) dict_keys(['twitter_dag']) retrieved from /home/nicholas/datapipeline/airflow/dags/twitter_dag.py
[2022-01-16 20:06:40,473] {scheduler_job.py:163} INFO - Processing /home/nicholas/datapipeline/airflow/dags/twitter_dag.py took 0.028 seconds
[2022-01-16 20:07:32,528] {scheduler_job.py:155} INFO - Started process (PID=11567) to work on /home/nicholas/datapipeline/airflow/dags/twitter_dag.py
[2022-01-16 20:07:32,530] {scheduler_job.py:1572} INFO - Processing file /home/nicholas/datapipeline/airflow/dags/twitter_dag.py for tasks to queue
[2022-01-16 20:07:32,530] {logging_mixin.py:112} INFO - [2022-01-16 20:07:32,530] {dagbag.py:417} INFO - Filling up the DagBag from /home/nicholas/datapipeline/airflow/dags/twitter_dag.py
[2022-01-16 20:07:32,532] {logging_mixin.py:112} WARNING - /home/nicholas/datapipeline/airflow/dags/twitter_dag.py:2: FutureWarning: Importing 'TwitterOperator' from under 'airflow.operators.*' has been deprecated and should be directly imported as 'operators.twitter_operator.TwitterOperator' instead.

Support for importing from within the airflow namespace for plugins will be dropped entirely in Airflow 2.0. See <http://airflow.apache.org/docs/stable/howto/custom-operator.html>.
  from airflow.operators.alura import TwitterOperator
[2022-01-16 20:07:32,534] {scheduler_job.py:1584} INFO - DAG(s) dict_keys(['twitter_dag']) retrieved from /home/nicholas/datapipeline/airflow/dags/twitter_dag.py
[2022-01-16 20:07:32,568] {scheduler_job.py:163} INFO - Processing /home/nicholas/datapipeline/airflow/dags/twitter_dag.py took 0.040 seconds
[2022-01-16 20:08:24,622] {scheduler_job.py:155} INFO - Started process (PID=11607) to work on /home/nicholas/datapipeline/airflow/dags/twitter_dag.py
[2022-01-16 20:08:24,625] {scheduler_job.py:1572} INFO - Processing file /home/nicholas/datapipeline/airflow/dags/twitter_dag.py for tasks to queue
[2022-01-16 20:08:24,625] {logging_mixin.py:112} INFO - [2022-01-16 20:08:24,625] {dagbag.py:417} INFO - Filling up the DagBag from /home/nicholas/datapipeline/airflow/dags/twitter_dag.py
[2022-01-16 20:08:24,627] {logging_mixin.py:112} WARNING - /home/nicholas/datapipeline/airflow/dags/twitter_dag.py:2: FutureWarning: Importing 'TwitterOperator' from under 'airflow.operators.*' has been deprecated and should be directly imported as 'operators.twitter_operator.TwitterOperator' instead.

Support for importing from within the airflow namespace for plugins will be dropped entirely in Airflow 2.0. See <http://airflow.apache.org/docs/stable/howto/custom-operator.html>.
  from airflow.operators.alura import TwitterOperator
[2022-01-16 20:08:24,628] {scheduler_job.py:1584} INFO - DAG(s) dict_keys(['twitter_dag']) retrieved from /home/nicholas/datapipeline/airflow/dags/twitter_dag.py
[2022-01-16 20:08:24,647] {scheduler_job.py:163} INFO - Processing /home/nicholas/datapipeline/airflow/dags/twitter_dag.py took 0.025 seconds
[2022-01-16 20:09:16,700] {scheduler_job.py:155} INFO - Started process (PID=11638) to work on /home/nicholas/datapipeline/airflow/dags/twitter_dag.py
[2022-01-16 20:09:16,703] {scheduler_job.py:1572} INFO - Processing file /home/nicholas/datapipeline/airflow/dags/twitter_dag.py for tasks to queue
[2022-01-16 20:09:16,703] {logging_mixin.py:112} INFO - [2022-01-16 20:09:16,703] {dagbag.py:417} INFO - Filling up the DagBag from /home/nicholas/datapipeline/airflow/dags/twitter_dag.py
[2022-01-16 20:09:16,706] {logging_mixin.py:112} WARNING - /home/nicholas/datapipeline/airflow/dags/twitter_dag.py:2: FutureWarning: Importing 'TwitterOperator' from under 'airflow.operators.*' has been deprecated and should be directly imported as 'operators.twitter_operator.TwitterOperator' instead.

Support for importing from within the airflow namespace for plugins will be dropped entirely in Airflow 2.0. See <http://airflow.apache.org/docs/stable/howto/custom-operator.html>.
  from airflow.operators.alura import TwitterOperator
[2022-01-16 20:09:16,709] {scheduler_job.py:1584} INFO - DAG(s) dict_keys(['twitter_dag']) retrieved from /home/nicholas/datapipeline/airflow/dags/twitter_dag.py
[2022-01-16 20:09:16,753] {scheduler_job.py:163} INFO - Processing /home/nicholas/datapipeline/airflow/dags/twitter_dag.py took 0.053 seconds
[2022-01-16 20:10:08,788] {scheduler_job.py:155} INFO - Started process (PID=11671) to work on /home/nicholas/datapipeline/airflow/dags/twitter_dag.py
[2022-01-16 20:10:08,792] {scheduler_job.py:1572} INFO - Processing file /home/nicholas/datapipeline/airflow/dags/twitter_dag.py for tasks to queue
[2022-01-16 20:10:08,792] {logging_mixin.py:112} INFO - [2022-01-16 20:10:08,792] {dagbag.py:417} INFO - Filling up the DagBag from /home/nicholas/datapipeline/airflow/dags/twitter_dag.py
[2022-01-16 20:10:08,795] {logging_mixin.py:112} WARNING - /home/nicholas/datapipeline/airflow/dags/twitter_dag.py:2: FutureWarning: Importing 'TwitterOperator' from under 'airflow.operators.*' has been deprecated and should be directly imported as 'operators.twitter_operator.TwitterOperator' instead.

Support for importing from within the airflow namespace for plugins will be dropped entirely in Airflow 2.0. See <http://airflow.apache.org/docs/stable/howto/custom-operator.html>.
  from airflow.operators.alura import TwitterOperator
[2022-01-16 20:10:08,797] {scheduler_job.py:1584} INFO - DAG(s) dict_keys(['twitter_dag']) retrieved from /home/nicholas/datapipeline/airflow/dags/twitter_dag.py
[2022-01-16 20:10:08,837] {scheduler_job.py:163} INFO - Processing /home/nicholas/datapipeline/airflow/dags/twitter_dag.py took 0.049 seconds
[2022-01-16 20:11:00,892] {scheduler_job.py:155} INFO - Started process (PID=11709) to work on /home/nicholas/datapipeline/airflow/dags/twitter_dag.py
[2022-01-16 20:11:00,895] {scheduler_job.py:1572} INFO - Processing file /home/nicholas/datapipeline/airflow/dags/twitter_dag.py for tasks to queue
[2022-01-16 20:11:00,895] {logging_mixin.py:112} INFO - [2022-01-16 20:11:00,895] {dagbag.py:417} INFO - Filling up the DagBag from /home/nicholas/datapipeline/airflow/dags/twitter_dag.py
[2022-01-16 20:11:00,897] {logging_mixin.py:112} WARNING - /home/nicholas/datapipeline/airflow/dags/twitter_dag.py:2: FutureWarning: Importing 'TwitterOperator' from under 'airflow.operators.*' has been deprecated and should be directly imported as 'operators.twitter_operator.TwitterOperator' instead.

Support for importing from within the airflow namespace for plugins will be dropped entirely in Airflow 2.0. See <http://airflow.apache.org/docs/stable/howto/custom-operator.html>.
  from airflow.operators.alura import TwitterOperator
[2022-01-16 20:11:00,901] {scheduler_job.py:1584} INFO - DAG(s) dict_keys(['twitter_dag']) retrieved from /home/nicholas/datapipeline/airflow/dags/twitter_dag.py
[2022-01-16 20:11:00,919] {scheduler_job.py:163} INFO - Processing /home/nicholas/datapipeline/airflow/dags/twitter_dag.py took 0.027 seconds
[2022-01-16 20:11:52,945] {scheduler_job.py:155} INFO - Started process (PID=11739) to work on /home/nicholas/datapipeline/airflow/dags/twitter_dag.py
[2022-01-16 20:11:52,949] {scheduler_job.py:1572} INFO - Processing file /home/nicholas/datapipeline/airflow/dags/twitter_dag.py for tasks to queue
[2022-01-16 20:11:52,949] {logging_mixin.py:112} INFO - [2022-01-16 20:11:52,949] {dagbag.py:417} INFO - Filling up the DagBag from /home/nicholas/datapipeline/airflow/dags/twitter_dag.py
[2022-01-16 20:11:52,953] {logging_mixin.py:112} WARNING - /home/nicholas/datapipeline/airflow/dags/twitter_dag.py:2: FutureWarning: Importing 'TwitterOperator' from under 'airflow.operators.*' has been deprecated and should be directly imported as 'operators.twitter_operator.TwitterOperator' instead.

Support for importing from within the airflow namespace for plugins will be dropped entirely in Airflow 2.0. See <http://airflow.apache.org/docs/stable/howto/custom-operator.html>.
  from airflow.operators.alura import TwitterOperator
[2022-01-16 20:11:52,955] {scheduler_job.py:1584} INFO - DAG(s) dict_keys(['twitter_dag']) retrieved from /home/nicholas/datapipeline/airflow/dags/twitter_dag.py
[2022-01-16 20:11:52,995] {scheduler_job.py:163} INFO - Processing /home/nicholas/datapipeline/airflow/dags/twitter_dag.py took 0.050 seconds
[2022-01-16 20:12:45,019] {scheduler_job.py:155} INFO - Started process (PID=11778) to work on /home/nicholas/datapipeline/airflow/dags/twitter_dag.py
[2022-01-16 20:12:45,021] {scheduler_job.py:1572} INFO - Processing file /home/nicholas/datapipeline/airflow/dags/twitter_dag.py for tasks to queue
[2022-01-16 20:12:45,021] {logging_mixin.py:112} INFO - [2022-01-16 20:12:45,021] {dagbag.py:417} INFO - Filling up the DagBag from /home/nicholas/datapipeline/airflow/dags/twitter_dag.py
[2022-01-16 20:12:45,023] {logging_mixin.py:112} WARNING - /home/nicholas/datapipeline/airflow/dags/twitter_dag.py:2: FutureWarning: Importing 'TwitterOperator' from under 'airflow.operators.*' has been deprecated and should be directly imported as 'operators.twitter_operator.TwitterOperator' instead.

Support for importing from within the airflow namespace for plugins will be dropped entirely in Airflow 2.0. See <http://airflow.apache.org/docs/stable/howto/custom-operator.html>.
  from airflow.operators.alura import TwitterOperator
[2022-01-16 20:12:45,024] {scheduler_job.py:1584} INFO - DAG(s) dict_keys(['twitter_dag']) retrieved from /home/nicholas/datapipeline/airflow/dags/twitter_dag.py
[2022-01-16 20:12:45,061] {scheduler_job.py:163} INFO - Processing /home/nicholas/datapipeline/airflow/dags/twitter_dag.py took 0.041 seconds
[2022-01-16 20:13:37,127] {scheduler_job.py:155} INFO - Started process (PID=11866) to work on /home/nicholas/datapipeline/airflow/dags/twitter_dag.py
[2022-01-16 20:13:37,131] {scheduler_job.py:1572} INFO - Processing file /home/nicholas/datapipeline/airflow/dags/twitter_dag.py for tasks to queue
[2022-01-16 20:13:37,132] {logging_mixin.py:112} INFO - [2022-01-16 20:13:37,132] {dagbag.py:417} INFO - Filling up the DagBag from /home/nicholas/datapipeline/airflow/dags/twitter_dag.py
[2022-01-16 20:13:37,136] {logging_mixin.py:112} WARNING - /home/nicholas/datapipeline/airflow/dags/twitter_dag.py:2: FutureWarning: Importing 'TwitterOperator' from under 'airflow.operators.*' has been deprecated and should be directly imported as 'operators.twitter_operator.TwitterOperator' instead.

Support for importing from within the airflow namespace for plugins will be dropped entirely in Airflow 2.0. See <http://airflow.apache.org/docs/stable/howto/custom-operator.html>.
  from airflow.operators.alura import TwitterOperator
[2022-01-16 20:13:37,139] {scheduler_job.py:1584} INFO - DAG(s) dict_keys(['twitter_dag']) retrieved from /home/nicholas/datapipeline/airflow/dags/twitter_dag.py
[2022-01-16 20:13:37,160] {scheduler_job.py:163} INFO - Processing /home/nicholas/datapipeline/airflow/dags/twitter_dag.py took 0.033 seconds
[2022-01-16 20:14:29,217] {scheduler_job.py:155} INFO - Started process (PID=11906) to work on /home/nicholas/datapipeline/airflow/dags/twitter_dag.py
[2022-01-16 20:14:29,221] {scheduler_job.py:1572} INFO - Processing file /home/nicholas/datapipeline/airflow/dags/twitter_dag.py for tasks to queue
[2022-01-16 20:14:29,222] {logging_mixin.py:112} INFO - [2022-01-16 20:14:29,222] {dagbag.py:417} INFO - Filling up the DagBag from /home/nicholas/datapipeline/airflow/dags/twitter_dag.py
[2022-01-16 20:14:29,226] {logging_mixin.py:112} WARNING - /home/nicholas/datapipeline/airflow/dags/twitter_dag.py:2: FutureWarning: Importing 'TwitterOperator' from under 'airflow.operators.*' has been deprecated and should be directly imported as 'operators.twitter_operator.TwitterOperator' instead.

Support for importing from within the airflow namespace for plugins will be dropped entirely in Airflow 2.0. See <http://airflow.apache.org/docs/stable/howto/custom-operator.html>.
  from airflow.operators.alura import TwitterOperator
[2022-01-16 20:14:29,230] {scheduler_job.py:1584} INFO - DAG(s) dict_keys(['twitter_dag']) retrieved from /home/nicholas/datapipeline/airflow/dags/twitter_dag.py
[2022-01-16 20:14:29,275] {scheduler_job.py:163} INFO - Processing /home/nicholas/datapipeline/airflow/dags/twitter_dag.py took 0.058 seconds
[2022-01-16 20:15:21,300] {scheduler_job.py:155} INFO - Started process (PID=11945) to work on /home/nicholas/datapipeline/airflow/dags/twitter_dag.py
[2022-01-16 20:15:21,304] {scheduler_job.py:1572} INFO - Processing file /home/nicholas/datapipeline/airflow/dags/twitter_dag.py for tasks to queue
[2022-01-16 20:15:21,305] {logging_mixin.py:112} INFO - [2022-01-16 20:15:21,305] {dagbag.py:417} INFO - Filling up the DagBag from /home/nicholas/datapipeline/airflow/dags/twitter_dag.py
[2022-01-16 20:15:21,309] {logging_mixin.py:112} WARNING - /home/nicholas/datapipeline/airflow/dags/twitter_dag.py:2: FutureWarning: Importing 'TwitterOperator' from under 'airflow.operators.*' has been deprecated and should be directly imported as 'operators.twitter_operator.TwitterOperator' instead.

Support for importing from within the airflow namespace for plugins will be dropped entirely in Airflow 2.0. See <http://airflow.apache.org/docs/stable/howto/custom-operator.html>.
  from airflow.operators.alura import TwitterOperator
[2022-01-16 20:15:21,312] {scheduler_job.py:1584} INFO - DAG(s) dict_keys(['twitter_dag']) retrieved from /home/nicholas/datapipeline/airflow/dags/twitter_dag.py
[2022-01-16 20:15:21,359] {scheduler_job.py:163} INFO - Processing /home/nicholas/datapipeline/airflow/dags/twitter_dag.py took 0.059 seconds
[2022-01-16 20:16:13,407] {scheduler_job.py:155} INFO - Started process (PID=11982) to work on /home/nicholas/datapipeline/airflow/dags/twitter_dag.py
[2022-01-16 20:16:13,409] {scheduler_job.py:1572} INFO - Processing file /home/nicholas/datapipeline/airflow/dags/twitter_dag.py for tasks to queue
[2022-01-16 20:16:13,409] {logging_mixin.py:112} INFO - [2022-01-16 20:16:13,409] {dagbag.py:417} INFO - Filling up the DagBag from /home/nicholas/datapipeline/airflow/dags/twitter_dag.py
[2022-01-16 20:16:13,411] {logging_mixin.py:112} WARNING - /home/nicholas/datapipeline/airflow/dags/twitter_dag.py:2: FutureWarning: Importing 'TwitterOperator' from under 'airflow.operators.*' has been deprecated and should be directly imported as 'operators.twitter_operator.TwitterOperator' instead.

Support for importing from within the airflow namespace for plugins will be dropped entirely in Airflow 2.0. See <http://airflow.apache.org/docs/stable/howto/custom-operator.html>.
  from airflow.operators.alura import TwitterOperator
[2022-01-16 20:16:13,413] {scheduler_job.py:1584} INFO - DAG(s) dict_keys(['twitter_dag']) retrieved from /home/nicholas/datapipeline/airflow/dags/twitter_dag.py
[2022-01-16 20:16:13,433] {scheduler_job.py:163} INFO - Processing /home/nicholas/datapipeline/airflow/dags/twitter_dag.py took 0.026 seconds
[2022-01-16 20:17:05,501] {scheduler_job.py:155} INFO - Started process (PID=12019) to work on /home/nicholas/datapipeline/airflow/dags/twitter_dag.py
[2022-01-16 20:17:05,505] {scheduler_job.py:1572} INFO - Processing file /home/nicholas/datapipeline/airflow/dags/twitter_dag.py for tasks to queue
[2022-01-16 20:17:05,506] {logging_mixin.py:112} INFO - [2022-01-16 20:17:05,506] {dagbag.py:417} INFO - Filling up the DagBag from /home/nicholas/datapipeline/airflow/dags/twitter_dag.py
[2022-01-16 20:17:05,510] {logging_mixin.py:112} WARNING - /home/nicholas/datapipeline/airflow/dags/twitter_dag.py:2: FutureWarning: Importing 'TwitterOperator' from under 'airflow.operators.*' has been deprecated and should be directly imported as 'operators.twitter_operator.TwitterOperator' instead.

Support for importing from within the airflow namespace for plugins will be dropped entirely in Airflow 2.0. See <http://airflow.apache.org/docs/stable/howto/custom-operator.html>.
  from airflow.operators.alura import TwitterOperator
[2022-01-16 20:17:05,514] {scheduler_job.py:1584} INFO - DAG(s) dict_keys(['twitter_dag']) retrieved from /home/nicholas/datapipeline/airflow/dags/twitter_dag.py
[2022-01-16 20:17:05,570] {scheduler_job.py:163} INFO - Processing /home/nicholas/datapipeline/airflow/dags/twitter_dag.py took 0.069 seconds
[2022-01-16 20:17:57,591] {scheduler_job.py:155} INFO - Started process (PID=12055) to work on /home/nicholas/datapipeline/airflow/dags/twitter_dag.py
[2022-01-16 20:17:57,595] {scheduler_job.py:1572} INFO - Processing file /home/nicholas/datapipeline/airflow/dags/twitter_dag.py for tasks to queue
[2022-01-16 20:17:57,596] {logging_mixin.py:112} INFO - [2022-01-16 20:17:57,595] {dagbag.py:417} INFO - Filling up the DagBag from /home/nicholas/datapipeline/airflow/dags/twitter_dag.py
[2022-01-16 20:17:57,599] {logging_mixin.py:112} WARNING - /home/nicholas/datapipeline/airflow/dags/twitter_dag.py:2: FutureWarning: Importing 'TwitterOperator' from under 'airflow.operators.*' has been deprecated and should be directly imported as 'operators.twitter_operator.TwitterOperator' instead.

Support for importing from within the airflow namespace for plugins will be dropped entirely in Airflow 2.0. See <http://airflow.apache.org/docs/stable/howto/custom-operator.html>.
  from airflow.operators.alura import TwitterOperator
[2022-01-16 20:17:57,601] {scheduler_job.py:1584} INFO - DAG(s) dict_keys(['twitter_dag']) retrieved from /home/nicholas/datapipeline/airflow/dags/twitter_dag.py
[2022-01-16 20:17:57,646] {scheduler_job.py:163} INFO - Processing /home/nicholas/datapipeline/airflow/dags/twitter_dag.py took 0.055 seconds
[2022-01-16 20:18:49,700] {scheduler_job.py:155} INFO - Started process (PID=12092) to work on /home/nicholas/datapipeline/airflow/dags/twitter_dag.py
[2022-01-16 20:18:49,702] {scheduler_job.py:1572} INFO - Processing file /home/nicholas/datapipeline/airflow/dags/twitter_dag.py for tasks to queue
[2022-01-16 20:18:49,702] {logging_mixin.py:112} INFO - [2022-01-16 20:18:49,702] {dagbag.py:417} INFO - Filling up the DagBag from /home/nicholas/datapipeline/airflow/dags/twitter_dag.py
[2022-01-16 20:18:49,704] {logging_mixin.py:112} WARNING - /home/nicholas/datapipeline/airflow/dags/twitter_dag.py:2: FutureWarning: Importing 'TwitterOperator' from under 'airflow.operators.*' has been deprecated and should be directly imported as 'operators.twitter_operator.TwitterOperator' instead.

Support for importing from within the airflow namespace for plugins will be dropped entirely in Airflow 2.0. See <http://airflow.apache.org/docs/stable/howto/custom-operator.html>.
  from airflow.operators.alura import TwitterOperator
[2022-01-16 20:18:49,706] {scheduler_job.py:1584} INFO - DAG(s) dict_keys(['twitter_dag']) retrieved from /home/nicholas/datapipeline/airflow/dags/twitter_dag.py
[2022-01-16 20:18:49,724] {scheduler_job.py:163} INFO - Processing /home/nicholas/datapipeline/airflow/dags/twitter_dag.py took 0.025 seconds
[2022-01-16 20:19:41,777] {scheduler_job.py:155} INFO - Started process (PID=12127) to work on /home/nicholas/datapipeline/airflow/dags/twitter_dag.py
[2022-01-16 20:19:41,781] {scheduler_job.py:1572} INFO - Processing file /home/nicholas/datapipeline/airflow/dags/twitter_dag.py for tasks to queue
[2022-01-16 20:19:41,782] {logging_mixin.py:112} INFO - [2022-01-16 20:19:41,782] {dagbag.py:417} INFO - Filling up the DagBag from /home/nicholas/datapipeline/airflow/dags/twitter_dag.py
[2022-01-16 20:19:41,786] {logging_mixin.py:112} WARNING - /home/nicholas/datapipeline/airflow/dags/twitter_dag.py:2: FutureWarning: Importing 'TwitterOperator' from under 'airflow.operators.*' has been deprecated and should be directly imported as 'operators.twitter_operator.TwitterOperator' instead.

Support for importing from within the airflow namespace for plugins will be dropped entirely in Airflow 2.0. See <http://airflow.apache.org/docs/stable/howto/custom-operator.html>.
  from airflow.operators.alura import TwitterOperator
[2022-01-16 20:19:41,790] {scheduler_job.py:1584} INFO - DAG(s) dict_keys(['twitter_dag']) retrieved from /home/nicholas/datapipeline/airflow/dags/twitter_dag.py
[2022-01-16 20:19:41,846] {scheduler_job.py:163} INFO - Processing /home/nicholas/datapipeline/airflow/dags/twitter_dag.py took 0.069 seconds
[2022-01-16 20:20:33,878] {scheduler_job.py:155} INFO - Started process (PID=12159) to work on /home/nicholas/datapipeline/airflow/dags/twitter_dag.py
[2022-01-16 20:20:33,882] {scheduler_job.py:1572} INFO - Processing file /home/nicholas/datapipeline/airflow/dags/twitter_dag.py for tasks to queue
[2022-01-16 20:20:33,882] {logging_mixin.py:112} INFO - [2022-01-16 20:20:33,882] {dagbag.py:417} INFO - Filling up the DagBag from /home/nicholas/datapipeline/airflow/dags/twitter_dag.py
[2022-01-16 20:20:33,885] {logging_mixin.py:112} WARNING - /home/nicholas/datapipeline/airflow/dags/twitter_dag.py:2: FutureWarning: Importing 'TwitterOperator' from under 'airflow.operators.*' has been deprecated and should be directly imported as 'operators.twitter_operator.TwitterOperator' instead.

Support for importing from within the airflow namespace for plugins will be dropped entirely in Airflow 2.0. See <http://airflow.apache.org/docs/stable/howto/custom-operator.html>.
  from airflow.operators.alura import TwitterOperator
[2022-01-16 20:20:33,888] {scheduler_job.py:1584} INFO - DAG(s) dict_keys(['twitter_dag']) retrieved from /home/nicholas/datapipeline/airflow/dags/twitter_dag.py
[2022-01-16 20:20:33,934] {scheduler_job.py:163} INFO - Processing /home/nicholas/datapipeline/airflow/dags/twitter_dag.py took 0.056 seconds
[2022-01-16 20:21:26,029] {scheduler_job.py:155} INFO - Started process (PID=12195) to work on /home/nicholas/datapipeline/airflow/dags/twitter_dag.py
[2022-01-16 20:21:26,033] {scheduler_job.py:1572} INFO - Processing file /home/nicholas/datapipeline/airflow/dags/twitter_dag.py for tasks to queue
[2022-01-16 20:21:26,033] {logging_mixin.py:112} INFO - [2022-01-16 20:21:26,033] {dagbag.py:417} INFO - Filling up the DagBag from /home/nicholas/datapipeline/airflow/dags/twitter_dag.py
[2022-01-16 20:21:26,036] {logging_mixin.py:112} WARNING - /home/nicholas/datapipeline/airflow/dags/twitter_dag.py:2: FutureWarning: Importing 'TwitterOperator' from under 'airflow.operators.*' has been deprecated and should be directly imported as 'operators.twitter_operator.TwitterOperator' instead.

Support for importing from within the airflow namespace for plugins will be dropped entirely in Airflow 2.0. See <http://airflow.apache.org/docs/stable/howto/custom-operator.html>.
  from airflow.operators.alura import TwitterOperator
[2022-01-16 20:21:26,042] {scheduler_job.py:1584} INFO - DAG(s) dict_keys(['twitter_dag']) retrieved from /home/nicholas/datapipeline/airflow/dags/twitter_dag.py
[2022-01-16 20:21:26,067] {scheduler_job.py:163} INFO - Processing /home/nicholas/datapipeline/airflow/dags/twitter_dag.py took 0.038 seconds
[2022-01-16 20:22:18,085] {scheduler_job.py:155} INFO - Started process (PID=12230) to work on /home/nicholas/datapipeline/airflow/dags/twitter_dag.py
[2022-01-16 20:22:18,090] {scheduler_job.py:1572} INFO - Processing file /home/nicholas/datapipeline/airflow/dags/twitter_dag.py for tasks to queue
[2022-01-16 20:22:18,090] {logging_mixin.py:112} INFO - [2022-01-16 20:22:18,090] {dagbag.py:417} INFO - Filling up the DagBag from /home/nicholas/datapipeline/airflow/dags/twitter_dag.py
[2022-01-16 20:22:18,097] {logging_mixin.py:112} WARNING - /home/nicholas/datapipeline/airflow/dags/twitter_dag.py:2: FutureWarning: Importing 'TwitterOperator' from under 'airflow.operators.*' has been deprecated and should be directly imported as 'operators.twitter_operator.TwitterOperator' instead.

Support for importing from within the airflow namespace for plugins will be dropped entirely in Airflow 2.0. See <http://airflow.apache.org/docs/stable/howto/custom-operator.html>.
  from airflow.operators.alura import TwitterOperator
[2022-01-16 20:22:18,099] {scheduler_job.py:1584} INFO - DAG(s) dict_keys(['twitter_dag']) retrieved from /home/nicholas/datapipeline/airflow/dags/twitter_dag.py
[2022-01-16 20:22:18,148] {scheduler_job.py:163} INFO - Processing /home/nicholas/datapipeline/airflow/dags/twitter_dag.py took 0.062 seconds
[2022-01-16 20:23:10,185] {scheduler_job.py:155} INFO - Started process (PID=12270) to work on /home/nicholas/datapipeline/airflow/dags/twitter_dag.py
[2022-01-16 20:23:10,197] {scheduler_job.py:1572} INFO - Processing file /home/nicholas/datapipeline/airflow/dags/twitter_dag.py for tasks to queue
[2022-01-16 20:23:10,198] {logging_mixin.py:112} INFO - [2022-01-16 20:23:10,198] {dagbag.py:417} INFO - Filling up the DagBag from /home/nicholas/datapipeline/airflow/dags/twitter_dag.py
[2022-01-16 20:23:10,200] {logging_mixin.py:112} WARNING - /home/nicholas/datapipeline/airflow/dags/twitter_dag.py:2: FutureWarning: Importing 'TwitterOperator' from under 'airflow.operators.*' has been deprecated and should be directly imported as 'operators.twitter_operator.TwitterOperator' instead.

Support for importing from within the airflow namespace for plugins will be dropped entirely in Airflow 2.0. See <http://airflow.apache.org/docs/stable/howto/custom-operator.html>.
  from airflow.operators.alura import TwitterOperator
[2022-01-16 20:23:10,202] {scheduler_job.py:1584} INFO - DAG(s) dict_keys(['twitter_dag']) retrieved from /home/nicholas/datapipeline/airflow/dags/twitter_dag.py
[2022-01-16 20:23:10,225] {scheduler_job.py:163} INFO - Processing /home/nicholas/datapipeline/airflow/dags/twitter_dag.py took 0.040 seconds
[2022-01-16 20:24:02,320] {scheduler_job.py:155} INFO - Started process (PID=12312) to work on /home/nicholas/datapipeline/airflow/dags/twitter_dag.py
[2022-01-16 20:24:02,329] {scheduler_job.py:1572} INFO - Processing file /home/nicholas/datapipeline/airflow/dags/twitter_dag.py for tasks to queue
[2022-01-16 20:24:02,330] {logging_mixin.py:112} INFO - [2022-01-16 20:24:02,329] {dagbag.py:417} INFO - Filling up the DagBag from /home/nicholas/datapipeline/airflow/dags/twitter_dag.py
[2022-01-16 20:24:02,333] {logging_mixin.py:112} WARNING - /home/nicholas/datapipeline/airflow/dags/twitter_dag.py:2: FutureWarning: Importing 'TwitterOperator' from under 'airflow.operators.*' has been deprecated and should be directly imported as 'operators.twitter_operator.TwitterOperator' instead.

Support for importing from within the airflow namespace for plugins will be dropped entirely in Airflow 2.0. See <http://airflow.apache.org/docs/stable/howto/custom-operator.html>.
  from airflow.operators.alura import TwitterOperator
[2022-01-16 20:24:02,336] {scheduler_job.py:1584} INFO - DAG(s) dict_keys(['twitter_dag']) retrieved from /home/nicholas/datapipeline/airflow/dags/twitter_dag.py
[2022-01-16 20:24:02,361] {scheduler_job.py:163} INFO - Processing /home/nicholas/datapipeline/airflow/dags/twitter_dag.py took 0.042 seconds
[2022-01-16 20:24:54,370] {scheduler_job.py:155} INFO - Started process (PID=12347) to work on /home/nicholas/datapipeline/airflow/dags/twitter_dag.py
[2022-01-16 20:24:54,378] {scheduler_job.py:1572} INFO - Processing file /home/nicholas/datapipeline/airflow/dags/twitter_dag.py for tasks to queue
[2022-01-16 20:24:54,379] {logging_mixin.py:112} INFO - [2022-01-16 20:24:54,379] {dagbag.py:417} INFO - Filling up the DagBag from /home/nicholas/datapipeline/airflow/dags/twitter_dag.py
[2022-01-16 20:24:54,384] {logging_mixin.py:112} WARNING - /home/nicholas/datapipeline/airflow/dags/twitter_dag.py:2: FutureWarning: Importing 'TwitterOperator' from under 'airflow.operators.*' has been deprecated and should be directly imported as 'operators.twitter_operator.TwitterOperator' instead.

Support for importing from within the airflow namespace for plugins will be dropped entirely in Airflow 2.0. See <http://airflow.apache.org/docs/stable/howto/custom-operator.html>.
  from airflow.operators.alura import TwitterOperator
[2022-01-16 20:24:54,387] {scheduler_job.py:1584} INFO - DAG(s) dict_keys(['twitter_dag']) retrieved from /home/nicholas/datapipeline/airflow/dags/twitter_dag.py
[2022-01-16 20:24:54,434] {scheduler_job.py:163} INFO - Processing /home/nicholas/datapipeline/airflow/dags/twitter_dag.py took 0.064 seconds
[2022-01-16 20:25:46,461] {scheduler_job.py:155} INFO - Started process (PID=12388) to work on /home/nicholas/datapipeline/airflow/dags/twitter_dag.py
[2022-01-16 20:25:46,466] {scheduler_job.py:1572} INFO - Processing file /home/nicholas/datapipeline/airflow/dags/twitter_dag.py for tasks to queue
[2022-01-16 20:25:46,466] {logging_mixin.py:112} INFO - [2022-01-16 20:25:46,466] {dagbag.py:417} INFO - Filling up the DagBag from /home/nicholas/datapipeline/airflow/dags/twitter_dag.py
[2022-01-16 20:25:46,470] {logging_mixin.py:112} WARNING - /home/nicholas/datapipeline/airflow/dags/twitter_dag.py:2: FutureWarning: Importing 'TwitterOperator' from under 'airflow.operators.*' has been deprecated and should be directly imported as 'operators.twitter_operator.TwitterOperator' instead.

Support for importing from within the airflow namespace for plugins will be dropped entirely in Airflow 2.0. See <http://airflow.apache.org/docs/stable/howto/custom-operator.html>.
  from airflow.operators.alura import TwitterOperator
[2022-01-16 20:25:46,472] {scheduler_job.py:1584} INFO - DAG(s) dict_keys(['twitter_dag']) retrieved from /home/nicholas/datapipeline/airflow/dags/twitter_dag.py
[2022-01-16 20:25:46,516] {scheduler_job.py:163} INFO - Processing /home/nicholas/datapipeline/airflow/dags/twitter_dag.py took 0.056 seconds
[2022-01-16 20:26:38,579] {scheduler_job.py:155} INFO - Started process (PID=12422) to work on /home/nicholas/datapipeline/airflow/dags/twitter_dag.py
[2022-01-16 20:26:38,590] {scheduler_job.py:1572} INFO - Processing file /home/nicholas/datapipeline/airflow/dags/twitter_dag.py for tasks to queue
[2022-01-16 20:26:38,592] {logging_mixin.py:112} INFO - [2022-01-16 20:26:38,591] {dagbag.py:417} INFO - Filling up the DagBag from /home/nicholas/datapipeline/airflow/dags/twitter_dag.py
[2022-01-16 20:26:38,600] {logging_mixin.py:112} WARNING - /home/nicholas/datapipeline/airflow/dags/twitter_dag.py:2: FutureWarning: Importing 'TwitterOperator' from under 'airflow.operators.*' has been deprecated and should be directly imported as 'operators.twitter_operator.TwitterOperator' instead.

Support for importing from within the airflow namespace for plugins will be dropped entirely in Airflow 2.0. See <http://airflow.apache.org/docs/stable/howto/custom-operator.html>.
  from airflow.operators.alura import TwitterOperator
[2022-01-16 20:26:38,609] {scheduler_job.py:1584} INFO - DAG(s) dict_keys(['twitter_dag']) retrieved from /home/nicholas/datapipeline/airflow/dags/twitter_dag.py
[2022-01-16 20:26:38,644] {scheduler_job.py:163} INFO - Processing /home/nicholas/datapipeline/airflow/dags/twitter_dag.py took 0.066 seconds
[2022-01-16 20:27:30,649] {scheduler_job.py:155} INFO - Started process (PID=12485) to work on /home/nicholas/datapipeline/airflow/dags/twitter_dag.py
[2022-01-16 20:27:30,656] {scheduler_job.py:1572} INFO - Processing file /home/nicholas/datapipeline/airflow/dags/twitter_dag.py for tasks to queue
[2022-01-16 20:27:30,657] {logging_mixin.py:112} INFO - [2022-01-16 20:27:30,657] {dagbag.py:417} INFO - Filling up the DagBag from /home/nicholas/datapipeline/airflow/dags/twitter_dag.py
[2022-01-16 20:27:30,662] {logging_mixin.py:112} WARNING - /home/nicholas/datapipeline/airflow/dags/twitter_dag.py:2: FutureWarning: Importing 'TwitterOperator' from under 'airflow.operators.*' has been deprecated and should be directly imported as 'operators.twitter_operator.TwitterOperator' instead.

Support for importing from within the airflow namespace for plugins will be dropped entirely in Airflow 2.0. See <http://airflow.apache.org/docs/stable/howto/custom-operator.html>.
  from airflow.operators.alura import TwitterOperator
[2022-01-16 20:27:30,665] {scheduler_job.py:1584} INFO - DAG(s) dict_keys(['twitter_dag']) retrieved from /home/nicholas/datapipeline/airflow/dags/twitter_dag.py
[2022-01-16 20:27:30,707] {scheduler_job.py:163} INFO - Processing /home/nicholas/datapipeline/airflow/dags/twitter_dag.py took 0.059 seconds
[2022-01-16 20:28:22,738] {scheduler_job.py:155} INFO - Started process (PID=12526) to work on /home/nicholas/datapipeline/airflow/dags/twitter_dag.py
[2022-01-16 20:28:22,747] {scheduler_job.py:1572} INFO - Processing file /home/nicholas/datapipeline/airflow/dags/twitter_dag.py for tasks to queue
[2022-01-16 20:28:22,748] {logging_mixin.py:112} INFO - [2022-01-16 20:28:22,748] {dagbag.py:417} INFO - Filling up the DagBag from /home/nicholas/datapipeline/airflow/dags/twitter_dag.py
[2022-01-16 20:28:22,753] {logging_mixin.py:112} WARNING - /home/nicholas/datapipeline/airflow/dags/twitter_dag.py:2: FutureWarning: Importing 'TwitterOperator' from under 'airflow.operators.*' has been deprecated and should be directly imported as 'operators.twitter_operator.TwitterOperator' instead.

Support for importing from within the airflow namespace for plugins will be dropped entirely in Airflow 2.0. See <http://airflow.apache.org/docs/stable/howto/custom-operator.html>.
  from airflow.operators.alura import TwitterOperator
[2022-01-16 20:28:22,756] {scheduler_job.py:1584} INFO - DAG(s) dict_keys(['twitter_dag']) retrieved from /home/nicholas/datapipeline/airflow/dags/twitter_dag.py
[2022-01-16 20:28:22,795] {scheduler_job.py:163} INFO - Processing /home/nicholas/datapipeline/airflow/dags/twitter_dag.py took 0.057 seconds
[2022-01-16 20:29:14,836] {scheduler_job.py:155} INFO - Started process (PID=12565) to work on /home/nicholas/datapipeline/airflow/dags/twitter_dag.py
[2022-01-16 20:29:14,839] {scheduler_job.py:1572} INFO - Processing file /home/nicholas/datapipeline/airflow/dags/twitter_dag.py for tasks to queue
[2022-01-16 20:29:14,840] {logging_mixin.py:112} INFO - [2022-01-16 20:29:14,840] {dagbag.py:417} INFO - Filling up the DagBag from /home/nicholas/datapipeline/airflow/dags/twitter_dag.py
[2022-01-16 20:29:14,842] {logging_mixin.py:112} WARNING - /home/nicholas/datapipeline/airflow/dags/twitter_dag.py:2: FutureWarning: Importing 'TwitterOperator' from under 'airflow.operators.*' has been deprecated and should be directly imported as 'operators.twitter_operator.TwitterOperator' instead.

Support for importing from within the airflow namespace for plugins will be dropped entirely in Airflow 2.0. See <http://airflow.apache.org/docs/stable/howto/custom-operator.html>.
  from airflow.operators.alura import TwitterOperator
[2022-01-16 20:29:14,845] {scheduler_job.py:1584} INFO - DAG(s) dict_keys(['twitter_dag']) retrieved from /home/nicholas/datapipeline/airflow/dags/twitter_dag.py
[2022-01-16 20:29:14,868] {scheduler_job.py:163} INFO - Processing /home/nicholas/datapipeline/airflow/dags/twitter_dag.py took 0.032 seconds
[2022-01-16 20:30:06,893] {scheduler_job.py:155} INFO - Started process (PID=12599) to work on /home/nicholas/datapipeline/airflow/dags/twitter_dag.py
[2022-01-16 20:30:06,897] {scheduler_job.py:1572} INFO - Processing file /home/nicholas/datapipeline/airflow/dags/twitter_dag.py for tasks to queue
[2022-01-16 20:30:06,897] {logging_mixin.py:112} INFO - [2022-01-16 20:30:06,897] {dagbag.py:417} INFO - Filling up the DagBag from /home/nicholas/datapipeline/airflow/dags/twitter_dag.py
[2022-01-16 20:30:06,900] {logging_mixin.py:112} WARNING - /home/nicholas/datapipeline/airflow/dags/twitter_dag.py:2: FutureWarning: Importing 'TwitterOperator' from under 'airflow.operators.*' has been deprecated and should be directly imported as 'operators.twitter_operator.TwitterOperator' instead.

Support for importing from within the airflow namespace for plugins will be dropped entirely in Airflow 2.0. See <http://airflow.apache.org/docs/stable/howto/custom-operator.html>.
  from airflow.operators.alura import TwitterOperator
[2022-01-16 20:30:06,903] {scheduler_job.py:1584} INFO - DAG(s) dict_keys(['twitter_dag']) retrieved from /home/nicholas/datapipeline/airflow/dags/twitter_dag.py
[2022-01-16 20:30:06,941] {scheduler_job.py:163} INFO - Processing /home/nicholas/datapipeline/airflow/dags/twitter_dag.py took 0.049 seconds
[2022-01-16 20:30:59,293] {scheduler_job.py:155} INFO - Started process (PID=12685) to work on /home/nicholas/datapipeline/airflow/dags/twitter_dag.py
[2022-01-16 20:30:59,300] {scheduler_job.py:1572} INFO - Processing file /home/nicholas/datapipeline/airflow/dags/twitter_dag.py for tasks to queue
[2022-01-16 20:30:59,301] {logging_mixin.py:112} INFO - [2022-01-16 20:30:59,301] {dagbag.py:417} INFO - Filling up the DagBag from /home/nicholas/datapipeline/airflow/dags/twitter_dag.py
[2022-01-16 20:30:59,312] {logging_mixin.py:112} WARNING - /home/nicholas/datapipeline/airflow/dags/twitter_dag.py:2: FutureWarning: Importing 'TwitterOperator' from under 'airflow.operators.*' has been deprecated and should be directly imported as 'operators.twitter_operator.TwitterOperator' instead.

Support for importing from within the airflow namespace for plugins will be dropped entirely in Airflow 2.0. See <http://airflow.apache.org/docs/stable/howto/custom-operator.html>.
  from airflow.operators.alura import TwitterOperator
[2022-01-16 20:30:59,318] {scheduler_job.py:1584} INFO - DAG(s) dict_keys(['twitter_dag']) retrieved from /home/nicholas/datapipeline/airflow/dags/twitter_dag.py
[2022-01-16 20:30:59,357] {scheduler_job.py:163} INFO - Processing /home/nicholas/datapipeline/airflow/dags/twitter_dag.py took 0.064 seconds
[2022-01-16 20:31:51,399] {scheduler_job.py:155} INFO - Started process (PID=12799) to work on /home/nicholas/datapipeline/airflow/dags/twitter_dag.py
[2022-01-16 20:31:51,407] {scheduler_job.py:1572} INFO - Processing file /home/nicholas/datapipeline/airflow/dags/twitter_dag.py for tasks to queue
[2022-01-16 20:31:51,408] {logging_mixin.py:112} INFO - [2022-01-16 20:31:51,408] {dagbag.py:417} INFO - Filling up the DagBag from /home/nicholas/datapipeline/airflow/dags/twitter_dag.py
[2022-01-16 20:31:51,414] {logging_mixin.py:112} WARNING - /home/nicholas/datapipeline/airflow/dags/twitter_dag.py:2: FutureWarning: Importing 'TwitterOperator' from under 'airflow.operators.*' has been deprecated and should be directly imported as 'operators.twitter_operator.TwitterOperator' instead.

Support for importing from within the airflow namespace for plugins will be dropped entirely in Airflow 2.0. See <http://airflow.apache.org/docs/stable/howto/custom-operator.html>.
  from airflow.operators.alura import TwitterOperator
[2022-01-16 20:31:51,418] {scheduler_job.py:1584} INFO - DAG(s) dict_keys(['twitter_dag']) retrieved from /home/nicholas/datapipeline/airflow/dags/twitter_dag.py
[2022-01-16 20:31:51,442] {scheduler_job.py:163} INFO - Processing /home/nicholas/datapipeline/airflow/dags/twitter_dag.py took 0.043 seconds
[2022-01-16 20:32:43,470] {scheduler_job.py:155} INFO - Started process (PID=12864) to work on /home/nicholas/datapipeline/airflow/dags/twitter_dag.py
[2022-01-16 20:32:43,477] {scheduler_job.py:1572} INFO - Processing file /home/nicholas/datapipeline/airflow/dags/twitter_dag.py for tasks to queue
[2022-01-16 20:32:43,478] {logging_mixin.py:112} INFO - [2022-01-16 20:32:43,477] {dagbag.py:417} INFO - Filling up the DagBag from /home/nicholas/datapipeline/airflow/dags/twitter_dag.py
[2022-01-16 20:32:43,484] {logging_mixin.py:112} WARNING - /home/nicholas/datapipeline/airflow/dags/twitter_dag.py:2: FutureWarning: Importing 'TwitterOperator' from under 'airflow.operators.*' has been deprecated and should be directly imported as 'operators.twitter_operator.TwitterOperator' instead.

Support for importing from within the airflow namespace for plugins will be dropped entirely in Airflow 2.0. See <http://airflow.apache.org/docs/stable/howto/custom-operator.html>.
  from airflow.operators.alura import TwitterOperator
[2022-01-16 20:32:43,487] {scheduler_job.py:1584} INFO - DAG(s) dict_keys(['twitter_dag']) retrieved from /home/nicholas/datapipeline/airflow/dags/twitter_dag.py
[2022-01-16 20:32:43,518] {scheduler_job.py:163} INFO - Processing /home/nicholas/datapipeline/airflow/dags/twitter_dag.py took 0.048 seconds
[2022-01-16 20:33:35,568] {scheduler_job.py:155} INFO - Started process (PID=12965) to work on /home/nicholas/datapipeline/airflow/dags/twitter_dag.py
[2022-01-16 20:33:35,573] {scheduler_job.py:1572} INFO - Processing file /home/nicholas/datapipeline/airflow/dags/twitter_dag.py for tasks to queue
[2022-01-16 20:33:35,574] {logging_mixin.py:112} INFO - [2022-01-16 20:33:35,574] {dagbag.py:417} INFO - Filling up the DagBag from /home/nicholas/datapipeline/airflow/dags/twitter_dag.py
[2022-01-16 20:33:35,576] {logging_mixin.py:112} WARNING - /home/nicholas/datapipeline/airflow/dags/twitter_dag.py:2: FutureWarning: Importing 'TwitterOperator' from under 'airflow.operators.*' has been deprecated and should be directly imported as 'operators.twitter_operator.TwitterOperator' instead.

Support for importing from within the airflow namespace for plugins will be dropped entirely in Airflow 2.0. See <http://airflow.apache.org/docs/stable/howto/custom-operator.html>.
  from airflow.operators.alura import TwitterOperator
[2022-01-16 20:33:35,581] {scheduler_job.py:1584} INFO - DAG(s) dict_keys(['twitter_dag']) retrieved from /home/nicholas/datapipeline/airflow/dags/twitter_dag.py
[2022-01-16 20:33:35,614] {scheduler_job.py:163} INFO - Processing /home/nicholas/datapipeline/airflow/dags/twitter_dag.py took 0.046 seconds
[2022-01-16 20:34:27,660] {scheduler_job.py:155} INFO - Started process (PID=13104) to work on /home/nicholas/datapipeline/airflow/dags/twitter_dag.py
[2022-01-16 20:34:27,666] {scheduler_job.py:1572} INFO - Processing file /home/nicholas/datapipeline/airflow/dags/twitter_dag.py for tasks to queue
[2022-01-16 20:34:27,667] {logging_mixin.py:112} INFO - [2022-01-16 20:34:27,667] {dagbag.py:417} INFO - Filling up the DagBag from /home/nicholas/datapipeline/airflow/dags/twitter_dag.py
[2022-01-16 20:34:27,670] {logging_mixin.py:112} WARNING - /home/nicholas/datapipeline/airflow/dags/twitter_dag.py:2: FutureWarning: Importing 'TwitterOperator' from under 'airflow.operators.*' has been deprecated and should be directly imported as 'operators.twitter_operator.TwitterOperator' instead.

Support for importing from within the airflow namespace for plugins will be dropped entirely in Airflow 2.0. See <http://airflow.apache.org/docs/stable/howto/custom-operator.html>.
  from airflow.operators.alura import TwitterOperator
[2022-01-16 20:34:27,673] {scheduler_job.py:1584} INFO - DAG(s) dict_keys(['twitter_dag']) retrieved from /home/nicholas/datapipeline/airflow/dags/twitter_dag.py
[2022-01-16 20:34:27,695] {scheduler_job.py:163} INFO - Processing /home/nicholas/datapipeline/airflow/dags/twitter_dag.py took 0.034 seconds
[2022-01-16 20:35:19,757] {scheduler_job.py:155} INFO - Started process (PID=13157) to work on /home/nicholas/datapipeline/airflow/dags/twitter_dag.py
[2022-01-16 20:35:19,764] {scheduler_job.py:1572} INFO - Processing file /home/nicholas/datapipeline/airflow/dags/twitter_dag.py for tasks to queue
[2022-01-16 20:35:19,765] {logging_mixin.py:112} INFO - [2022-01-16 20:35:19,765] {dagbag.py:417} INFO - Filling up the DagBag from /home/nicholas/datapipeline/airflow/dags/twitter_dag.py
[2022-01-16 20:35:19,769] {logging_mixin.py:112} WARNING - /home/nicholas/datapipeline/airflow/dags/twitter_dag.py:2: FutureWarning: Importing 'TwitterOperator' from under 'airflow.operators.*' has been deprecated and should be directly imported as 'operators.twitter_operator.TwitterOperator' instead.

Support for importing from within the airflow namespace for plugins will be dropped entirely in Airflow 2.0. See <http://airflow.apache.org/docs/stable/howto/custom-operator.html>.
  from airflow.operators.alura import TwitterOperator
[2022-01-16 20:35:19,772] {scheduler_job.py:1584} INFO - DAG(s) dict_keys(['twitter_dag']) retrieved from /home/nicholas/datapipeline/airflow/dags/twitter_dag.py
[2022-01-16 20:35:19,814] {scheduler_job.py:163} INFO - Processing /home/nicholas/datapipeline/airflow/dags/twitter_dag.py took 0.057 seconds
[2022-01-16 20:36:11,849] {scheduler_job.py:155} INFO - Started process (PID=13198) to work on /home/nicholas/datapipeline/airflow/dags/twitter_dag.py
[2022-01-16 20:36:11,854] {scheduler_job.py:1572} INFO - Processing file /home/nicholas/datapipeline/airflow/dags/twitter_dag.py for tasks to queue
[2022-01-16 20:36:11,854] {logging_mixin.py:112} INFO - [2022-01-16 20:36:11,854] {dagbag.py:417} INFO - Filling up the DagBag from /home/nicholas/datapipeline/airflow/dags/twitter_dag.py
[2022-01-16 20:36:11,858] {logging_mixin.py:112} WARNING - /home/nicholas/datapipeline/airflow/dags/twitter_dag.py:2: FutureWarning: Importing 'TwitterOperator' from under 'airflow.operators.*' has been deprecated and should be directly imported as 'operators.twitter_operator.TwitterOperator' instead.

Support for importing from within the airflow namespace for plugins will be dropped entirely in Airflow 2.0. See <http://airflow.apache.org/docs/stable/howto/custom-operator.html>.
  from airflow.operators.alura import TwitterOperator
[2022-01-16 20:36:11,861] {scheduler_job.py:1584} INFO - DAG(s) dict_keys(['twitter_dag']) retrieved from /home/nicholas/datapipeline/airflow/dags/twitter_dag.py
[2022-01-16 20:36:11,905] {scheduler_job.py:163} INFO - Processing /home/nicholas/datapipeline/airflow/dags/twitter_dag.py took 0.056 seconds
[2022-01-16 20:37:03,941] {scheduler_job.py:155} INFO - Started process (PID=13248) to work on /home/nicholas/datapipeline/airflow/dags/twitter_dag.py
[2022-01-16 20:37:03,943] {scheduler_job.py:1572} INFO - Processing file /home/nicholas/datapipeline/airflow/dags/twitter_dag.py for tasks to queue
[2022-01-16 20:37:03,943] {logging_mixin.py:112} INFO - [2022-01-16 20:37:03,943] {dagbag.py:417} INFO - Filling up the DagBag from /home/nicholas/datapipeline/airflow/dags/twitter_dag.py
[2022-01-16 20:37:03,944] {logging_mixin.py:112} WARNING - /home/nicholas/datapipeline/airflow/dags/twitter_dag.py:2: FutureWarning: Importing 'TwitterOperator' from under 'airflow.operators.*' has been deprecated and should be directly imported as 'operators.twitter_operator.TwitterOperator' instead.

Support for importing from within the airflow namespace for plugins will be dropped entirely in Airflow 2.0. See <http://airflow.apache.org/docs/stable/howto/custom-operator.html>.
  from airflow.operators.alura import TwitterOperator
[2022-01-16 20:37:03,946] {scheduler_job.py:1584} INFO - DAG(s) dict_keys(['twitter_dag']) retrieved from /home/nicholas/datapipeline/airflow/dags/twitter_dag.py
[2022-01-16 20:37:03,970] {scheduler_job.py:163} INFO - Processing /home/nicholas/datapipeline/airflow/dags/twitter_dag.py took 0.029 seconds
[2022-01-16 20:37:56,027] {scheduler_job.py:155} INFO - Started process (PID=13321) to work on /home/nicholas/datapipeline/airflow/dags/twitter_dag.py
[2022-01-16 20:37:56,036] {scheduler_job.py:1572} INFO - Processing file /home/nicholas/datapipeline/airflow/dags/twitter_dag.py for tasks to queue
[2022-01-16 20:37:56,037] {logging_mixin.py:112} INFO - [2022-01-16 20:37:56,037] {dagbag.py:417} INFO - Filling up the DagBag from /home/nicholas/datapipeline/airflow/dags/twitter_dag.py
[2022-01-16 20:37:56,063] {logging_mixin.py:112} WARNING - /home/nicholas/datapipeline/airflow/dags/twitter_dag.py:2: FutureWarning: Importing 'TwitterOperator' from under 'airflow.operators.*' has been deprecated and should be directly imported as 'operators.twitter_operator.TwitterOperator' instead.

Support for importing from within the airflow namespace for plugins will be dropped entirely in Airflow 2.0. See <http://airflow.apache.org/docs/stable/howto/custom-operator.html>.
  from airflow.operators.alura import TwitterOperator
[2022-01-16 20:37:56,068] {scheduler_job.py:1584} INFO - DAG(s) dict_keys(['twitter_dag']) retrieved from /home/nicholas/datapipeline/airflow/dags/twitter_dag.py
[2022-01-16 20:37:56,131] {scheduler_job.py:163} INFO - Processing /home/nicholas/datapipeline/airflow/dags/twitter_dag.py took 0.104 seconds
[2022-01-16 20:38:48,124] {scheduler_job.py:155} INFO - Started process (PID=13462) to work on /home/nicholas/datapipeline/airflow/dags/twitter_dag.py
[2022-01-16 20:38:48,133] {scheduler_job.py:1572} INFO - Processing file /home/nicholas/datapipeline/airflow/dags/twitter_dag.py for tasks to queue
[2022-01-16 20:38:48,134] {logging_mixin.py:112} INFO - [2022-01-16 20:38:48,133] {dagbag.py:417} INFO - Filling up the DagBag from /home/nicholas/datapipeline/airflow/dags/twitter_dag.py
[2022-01-16 20:38:48,138] {logging_mixin.py:112} WARNING - /home/nicholas/datapipeline/airflow/dags/twitter_dag.py:2: FutureWarning: Importing 'TwitterOperator' from under 'airflow.operators.*' has been deprecated and should be directly imported as 'operators.twitter_operator.TwitterOperator' instead.

Support for importing from within the airflow namespace for plugins will be dropped entirely in Airflow 2.0. See <http://airflow.apache.org/docs/stable/howto/custom-operator.html>.
  from airflow.operators.alura import TwitterOperator
[2022-01-16 20:38:48,141] {scheduler_job.py:1584} INFO - DAG(s) dict_keys(['twitter_dag']) retrieved from /home/nicholas/datapipeline/airflow/dags/twitter_dag.py
[2022-01-16 20:38:48,190] {scheduler_job.py:163} INFO - Processing /home/nicholas/datapipeline/airflow/dags/twitter_dag.py took 0.066 seconds
[2022-01-16 20:39:40,211] {scheduler_job.py:155} INFO - Started process (PID=13559) to work on /home/nicholas/datapipeline/airflow/dags/twitter_dag.py
[2022-01-16 20:39:40,219] {scheduler_job.py:1572} INFO - Processing file /home/nicholas/datapipeline/airflow/dags/twitter_dag.py for tasks to queue
[2022-01-16 20:39:40,220] {logging_mixin.py:112} INFO - [2022-01-16 20:39:40,220] {dagbag.py:417} INFO - Filling up the DagBag from /home/nicholas/datapipeline/airflow/dags/twitter_dag.py
[2022-01-16 20:39:40,226] {logging_mixin.py:112} WARNING - /home/nicholas/datapipeline/airflow/dags/twitter_dag.py:2: FutureWarning: Importing 'TwitterOperator' from under 'airflow.operators.*' has been deprecated and should be directly imported as 'operators.twitter_operator.TwitterOperator' instead.

Support for importing from within the airflow namespace for plugins will be dropped entirely in Airflow 2.0. See <http://airflow.apache.org/docs/stable/howto/custom-operator.html>.
  from airflow.operators.alura import TwitterOperator
[2022-01-16 20:39:40,229] {scheduler_job.py:1584} INFO - DAG(s) dict_keys(['twitter_dag']) retrieved from /home/nicholas/datapipeline/airflow/dags/twitter_dag.py
[2022-01-16 20:39:40,260] {scheduler_job.py:163} INFO - Processing /home/nicholas/datapipeline/airflow/dags/twitter_dag.py took 0.049 seconds
[2022-01-16 20:40:32,302] {scheduler_job.py:155} INFO - Started process (PID=13597) to work on /home/nicholas/datapipeline/airflow/dags/twitter_dag.py
[2022-01-16 20:40:32,307] {scheduler_job.py:1572} INFO - Processing file /home/nicholas/datapipeline/airflow/dags/twitter_dag.py for tasks to queue
[2022-01-16 20:40:32,307] {logging_mixin.py:112} INFO - [2022-01-16 20:40:32,307] {dagbag.py:417} INFO - Filling up the DagBag from /home/nicholas/datapipeline/airflow/dags/twitter_dag.py
[2022-01-16 20:40:32,310] {logging_mixin.py:112} WARNING - /home/nicholas/datapipeline/airflow/dags/twitter_dag.py:2: FutureWarning: Importing 'TwitterOperator' from under 'airflow.operators.*' has been deprecated and should be directly imported as 'operators.twitter_operator.TwitterOperator' instead.

Support for importing from within the airflow namespace for plugins will be dropped entirely in Airflow 2.0. See <http://airflow.apache.org/docs/stable/howto/custom-operator.html>.
  from airflow.operators.alura import TwitterOperator
[2022-01-16 20:40:32,313] {scheduler_job.py:1584} INFO - DAG(s) dict_keys(['twitter_dag']) retrieved from /home/nicholas/datapipeline/airflow/dags/twitter_dag.py
[2022-01-16 20:40:32,354] {scheduler_job.py:163} INFO - Processing /home/nicholas/datapipeline/airflow/dags/twitter_dag.py took 0.052 seconds
[2022-01-16 20:41:24,394] {scheduler_job.py:155} INFO - Started process (PID=13645) to work on /home/nicholas/datapipeline/airflow/dags/twitter_dag.py
[2022-01-16 20:41:24,395] {scheduler_job.py:1572} INFO - Processing file /home/nicholas/datapipeline/airflow/dags/twitter_dag.py for tasks to queue
[2022-01-16 20:41:24,396] {logging_mixin.py:112} INFO - [2022-01-16 20:41:24,396] {dagbag.py:417} INFO - Filling up the DagBag from /home/nicholas/datapipeline/airflow/dags/twitter_dag.py
[2022-01-16 20:41:24,397] {logging_mixin.py:112} WARNING - /home/nicholas/datapipeline/airflow/dags/twitter_dag.py:2: FutureWarning: Importing 'TwitterOperator' from under 'airflow.operators.*' has been deprecated and should be directly imported as 'operators.twitter_operator.TwitterOperator' instead.

Support for importing from within the airflow namespace for plugins will be dropped entirely in Airflow 2.0. See <http://airflow.apache.org/docs/stable/howto/custom-operator.html>.
  from airflow.operators.alura import TwitterOperator
[2022-01-16 20:41:24,399] {scheduler_job.py:1584} INFO - DAG(s) dict_keys(['twitter_dag']) retrieved from /home/nicholas/datapipeline/airflow/dags/twitter_dag.py
[2022-01-16 20:41:24,431] {scheduler_job.py:163} INFO - Processing /home/nicholas/datapipeline/airflow/dags/twitter_dag.py took 0.038 seconds
[2022-01-16 20:42:16,514] {scheduler_job.py:155} INFO - Started process (PID=13731) to work on /home/nicholas/datapipeline/airflow/dags/twitter_dag.py
[2022-01-16 20:42:16,521] {scheduler_job.py:1572} INFO - Processing file /home/nicholas/datapipeline/airflow/dags/twitter_dag.py for tasks to queue
[2022-01-16 20:42:16,521] {logging_mixin.py:112} INFO - [2022-01-16 20:42:16,521] {dagbag.py:417} INFO - Filling up the DagBag from /home/nicholas/datapipeline/airflow/dags/twitter_dag.py
[2022-01-16 20:42:16,524] {logging_mixin.py:112} WARNING - /home/nicholas/datapipeline/airflow/dags/twitter_dag.py:2: FutureWarning: Importing 'TwitterOperator' from under 'airflow.operators.*' has been deprecated and should be directly imported as 'operators.twitter_operator.TwitterOperator' instead.

Support for importing from within the airflow namespace for plugins will be dropped entirely in Airflow 2.0. See <http://airflow.apache.org/docs/stable/howto/custom-operator.html>.
  from airflow.operators.alura import TwitterOperator
[2022-01-16 20:42:16,528] {scheduler_job.py:1584} INFO - DAG(s) dict_keys(['twitter_dag']) retrieved from /home/nicholas/datapipeline/airflow/dags/twitter_dag.py
[2022-01-16 20:42:16,555] {scheduler_job.py:163} INFO - Processing /home/nicholas/datapipeline/airflow/dags/twitter_dag.py took 0.042 seconds
[2022-01-16 20:43:08,581] {scheduler_job.py:155} INFO - Started process (PID=18040) to work on /home/nicholas/datapipeline/airflow/dags/twitter_dag.py
[2022-01-16 20:43:08,610] {scheduler_job.py:1572} INFO - Processing file /home/nicholas/datapipeline/airflow/dags/twitter_dag.py for tasks to queue
[2022-01-16 20:43:08,610] {logging_mixin.py:112} INFO - [2022-01-16 20:43:08,610] {dagbag.py:417} INFO - Filling up the DagBag from /home/nicholas/datapipeline/airflow/dags/twitter_dag.py
[2022-01-16 20:43:08,614] {logging_mixin.py:112} WARNING - /home/nicholas/datapipeline/airflow/dags/twitter_dag.py:2: FutureWarning: Importing 'TwitterOperator' from under 'airflow.operators.*' has been deprecated and should be directly imported as 'operators.twitter_operator.TwitterOperator' instead.

Support for importing from within the airflow namespace for plugins will be dropped entirely in Airflow 2.0. See <http://airflow.apache.org/docs/stable/howto/custom-operator.html>.
  from airflow.operators.alura import TwitterOperator
[2022-01-16 20:43:08,617] {scheduler_job.py:1584} INFO - DAG(s) dict_keys(['twitter_dag']) retrieved from /home/nicholas/datapipeline/airflow/dags/twitter_dag.py
[2022-01-16 20:43:08,646] {scheduler_job.py:163} INFO - Processing /home/nicholas/datapipeline/airflow/dags/twitter_dag.py took 0.065 seconds
[2022-01-16 20:44:00,665] {scheduler_job.py:155} INFO - Started process (PID=18077) to work on /home/nicholas/datapipeline/airflow/dags/twitter_dag.py
[2022-01-16 20:44:00,672] {scheduler_job.py:1572} INFO - Processing file /home/nicholas/datapipeline/airflow/dags/twitter_dag.py for tasks to queue
[2022-01-16 20:44:00,673] {logging_mixin.py:112} INFO - [2022-01-16 20:44:00,673] {dagbag.py:417} INFO - Filling up the DagBag from /home/nicholas/datapipeline/airflow/dags/twitter_dag.py
[2022-01-16 20:44:00,678] {logging_mixin.py:112} WARNING - /home/nicholas/datapipeline/airflow/dags/twitter_dag.py:2: FutureWarning: Importing 'TwitterOperator' from under 'airflow.operators.*' has been deprecated and should be directly imported as 'operators.twitter_operator.TwitterOperator' instead.

Support for importing from within the airflow namespace for plugins will be dropped entirely in Airflow 2.0. See <http://airflow.apache.org/docs/stable/howto/custom-operator.html>.
  from airflow.operators.alura import TwitterOperator
[2022-01-16 20:44:00,682] {scheduler_job.py:1584} INFO - DAG(s) dict_keys(['twitter_dag']) retrieved from /home/nicholas/datapipeline/airflow/dags/twitter_dag.py
[2022-01-16 20:44:00,729] {scheduler_job.py:163} INFO - Processing /home/nicholas/datapipeline/airflow/dags/twitter_dag.py took 0.065 seconds
[2022-01-16 20:44:52,754] {scheduler_job.py:155} INFO - Started process (PID=18204) to work on /home/nicholas/datapipeline/airflow/dags/twitter_dag.py
[2022-01-16 20:44:52,772] {scheduler_job.py:1572} INFO - Processing file /home/nicholas/datapipeline/airflow/dags/twitter_dag.py for tasks to queue
[2022-01-16 20:44:52,774] {logging_mixin.py:112} INFO - [2022-01-16 20:44:52,773] {dagbag.py:417} INFO - Filling up the DagBag from /home/nicholas/datapipeline/airflow/dags/twitter_dag.py
[2022-01-16 20:44:52,778] {logging_mixin.py:112} WARNING - /home/nicholas/datapipeline/airflow/dags/twitter_dag.py:2: FutureWarning: Importing 'TwitterOperator' from under 'airflow.operators.*' has been deprecated and should be directly imported as 'operators.twitter_operator.TwitterOperator' instead.

Support for importing from within the airflow namespace for plugins will be dropped entirely in Airflow 2.0. See <http://airflow.apache.org/docs/stable/howto/custom-operator.html>.
  from airflow.operators.alura import TwitterOperator
[2022-01-16 20:44:52,782] {scheduler_job.py:1584} INFO - DAG(s) dict_keys(['twitter_dag']) retrieved from /home/nicholas/datapipeline/airflow/dags/twitter_dag.py
[2022-01-16 20:44:52,816] {scheduler_job.py:163} INFO - Processing /home/nicholas/datapipeline/airflow/dags/twitter_dag.py took 0.063 seconds
[2022-01-16 20:45:44,837] {scheduler_job.py:155} INFO - Started process (PID=18244) to work on /home/nicholas/datapipeline/airflow/dags/twitter_dag.py
[2022-01-16 20:45:44,839] {scheduler_job.py:1572} INFO - Processing file /home/nicholas/datapipeline/airflow/dags/twitter_dag.py for tasks to queue
[2022-01-16 20:45:44,840] {logging_mixin.py:112} INFO - [2022-01-16 20:45:44,839] {dagbag.py:417} INFO - Filling up the DagBag from /home/nicholas/datapipeline/airflow/dags/twitter_dag.py
[2022-01-16 20:45:44,842] {logging_mixin.py:112} WARNING - /home/nicholas/datapipeline/airflow/dags/twitter_dag.py:2: FutureWarning: Importing 'TwitterOperator' from under 'airflow.operators.*' has been deprecated and should be directly imported as 'operators.twitter_operator.TwitterOperator' instead.

Support for importing from within the airflow namespace for plugins will be dropped entirely in Airflow 2.0. See <http://airflow.apache.org/docs/stable/howto/custom-operator.html>.
  from airflow.operators.alura import TwitterOperator
[2022-01-16 20:45:44,843] {scheduler_job.py:1584} INFO - DAG(s) dict_keys(['twitter_dag']) retrieved from /home/nicholas/datapipeline/airflow/dags/twitter_dag.py
[2022-01-16 20:45:44,885] {scheduler_job.py:163} INFO - Processing /home/nicholas/datapipeline/airflow/dags/twitter_dag.py took 0.048 seconds
[2022-01-16 20:46:36,940] {scheduler_job.py:155} INFO - Started process (PID=18281) to work on /home/nicholas/datapipeline/airflow/dags/twitter_dag.py
[2022-01-16 20:46:36,948] {scheduler_job.py:1572} INFO - Processing file /home/nicholas/datapipeline/airflow/dags/twitter_dag.py for tasks to queue
[2022-01-16 20:46:36,949] {logging_mixin.py:112} INFO - [2022-01-16 20:46:36,949] {dagbag.py:417} INFO - Filling up the DagBag from /home/nicholas/datapipeline/airflow/dags/twitter_dag.py
[2022-01-16 20:46:36,955] {logging_mixin.py:112} WARNING - /home/nicholas/datapipeline/airflow/dags/twitter_dag.py:2: FutureWarning: Importing 'TwitterOperator' from under 'airflow.operators.*' has been deprecated and should be directly imported as 'operators.twitter_operator.TwitterOperator' instead.

Support for importing from within the airflow namespace for plugins will be dropped entirely in Airflow 2.0. See <http://airflow.apache.org/docs/stable/howto/custom-operator.html>.
  from airflow.operators.alura import TwitterOperator
[2022-01-16 20:46:36,958] {scheduler_job.py:1584} INFO - DAG(s) dict_keys(['twitter_dag']) retrieved from /home/nicholas/datapipeline/airflow/dags/twitter_dag.py
[2022-01-16 20:46:37,001] {scheduler_job.py:163} INFO - Processing /home/nicholas/datapipeline/airflow/dags/twitter_dag.py took 0.061 seconds
[2022-01-16 20:47:29,027] {scheduler_job.py:155} INFO - Started process (PID=18361) to work on /home/nicholas/datapipeline/airflow/dags/twitter_dag.py
[2022-01-16 20:47:29,035] {scheduler_job.py:1572} INFO - Processing file /home/nicholas/datapipeline/airflow/dags/twitter_dag.py for tasks to queue
[2022-01-16 20:47:29,036] {logging_mixin.py:112} INFO - [2022-01-16 20:47:29,036] {dagbag.py:417} INFO - Filling up the DagBag from /home/nicholas/datapipeline/airflow/dags/twitter_dag.py
[2022-01-16 20:47:29,041] {logging_mixin.py:112} WARNING - /home/nicholas/datapipeline/airflow/dags/twitter_dag.py:2: FutureWarning: Importing 'TwitterOperator' from under 'airflow.operators.*' has been deprecated and should be directly imported as 'operators.twitter_operator.TwitterOperator' instead.

Support for importing from within the airflow namespace for plugins will be dropped entirely in Airflow 2.0. See <http://airflow.apache.org/docs/stable/howto/custom-operator.html>.
  from airflow.operators.alura import TwitterOperator
[2022-01-16 20:47:29,045] {scheduler_job.py:1584} INFO - DAG(s) dict_keys(['twitter_dag']) retrieved from /home/nicholas/datapipeline/airflow/dags/twitter_dag.py
[2022-01-16 20:47:29,069] {scheduler_job.py:163} INFO - Processing /home/nicholas/datapipeline/airflow/dags/twitter_dag.py took 0.042 seconds
[2022-01-16 20:48:21,097] {scheduler_job.py:155} INFO - Started process (PID=18398) to work on /home/nicholas/datapipeline/airflow/dags/twitter_dag.py
[2022-01-16 20:48:21,099] {scheduler_job.py:1572} INFO - Processing file /home/nicholas/datapipeline/airflow/dags/twitter_dag.py for tasks to queue
[2022-01-16 20:48:21,100] {logging_mixin.py:112} INFO - [2022-01-16 20:48:21,099] {dagbag.py:417} INFO - Filling up the DagBag from /home/nicholas/datapipeline/airflow/dags/twitter_dag.py
[2022-01-16 20:48:21,101] {logging_mixin.py:112} WARNING - /home/nicholas/datapipeline/airflow/dags/twitter_dag.py:2: FutureWarning: Importing 'TwitterOperator' from under 'airflow.operators.*' has been deprecated and should be directly imported as 'operators.twitter_operator.TwitterOperator' instead.

Support for importing from within the airflow namespace for plugins will be dropped entirely in Airflow 2.0. See <http://airflow.apache.org/docs/stable/howto/custom-operator.html>.
  from airflow.operators.alura import TwitterOperator
[2022-01-16 20:48:21,103] {scheduler_job.py:1584} INFO - DAG(s) dict_keys(['twitter_dag']) retrieved from /home/nicholas/datapipeline/airflow/dags/twitter_dag.py
[2022-01-16 20:48:21,139] {scheduler_job.py:163} INFO - Processing /home/nicholas/datapipeline/airflow/dags/twitter_dag.py took 0.042 seconds
[2022-01-16 20:49:13,196] {scheduler_job.py:155} INFO - Started process (PID=18438) to work on /home/nicholas/datapipeline/airflow/dags/twitter_dag.py
[2022-01-16 20:49:13,201] {scheduler_job.py:1572} INFO - Processing file /home/nicholas/datapipeline/airflow/dags/twitter_dag.py for tasks to queue
[2022-01-16 20:49:13,202] {logging_mixin.py:112} INFO - [2022-01-16 20:49:13,202] {dagbag.py:417} INFO - Filling up the DagBag from /home/nicholas/datapipeline/airflow/dags/twitter_dag.py
[2022-01-16 20:49:13,206] {logging_mixin.py:112} WARNING - /home/nicholas/datapipeline/airflow/dags/twitter_dag.py:2: FutureWarning: Importing 'TwitterOperator' from under 'airflow.operators.*' has been deprecated and should be directly imported as 'operators.twitter_operator.TwitterOperator' instead.

Support for importing from within the airflow namespace for plugins will be dropped entirely in Airflow 2.0. See <http://airflow.apache.org/docs/stable/howto/custom-operator.html>.
  from airflow.operators.alura import TwitterOperator
[2022-01-16 20:49:13,209] {scheduler_job.py:1584} INFO - DAG(s) dict_keys(['twitter_dag']) retrieved from /home/nicholas/datapipeline/airflow/dags/twitter_dag.py
[2022-01-16 20:49:13,255] {scheduler_job.py:163} INFO - Processing /home/nicholas/datapipeline/airflow/dags/twitter_dag.py took 0.059 seconds
[2022-01-16 20:50:05,308] {scheduler_job.py:155} INFO - Started process (PID=18474) to work on /home/nicholas/datapipeline/airflow/dags/twitter_dag.py
[2022-01-16 20:50:05,311] {scheduler_job.py:1572} INFO - Processing file /home/nicholas/datapipeline/airflow/dags/twitter_dag.py for tasks to queue
[2022-01-16 20:50:05,311] {logging_mixin.py:112} INFO - [2022-01-16 20:50:05,311] {dagbag.py:417} INFO - Filling up the DagBag from /home/nicholas/datapipeline/airflow/dags/twitter_dag.py
[2022-01-16 20:50:05,313] {logging_mixin.py:112} WARNING - /home/nicholas/datapipeline/airflow/dags/twitter_dag.py:2: FutureWarning: Importing 'TwitterOperator' from under 'airflow.operators.*' has been deprecated and should be directly imported as 'operators.twitter_operator.TwitterOperator' instead.

Support for importing from within the airflow namespace for plugins will be dropped entirely in Airflow 2.0. See <http://airflow.apache.org/docs/stable/howto/custom-operator.html>.
  from airflow.operators.alura import TwitterOperator
[2022-01-16 20:50:05,314] {scheduler_job.py:1584} INFO - DAG(s) dict_keys(['twitter_dag']) retrieved from /home/nicholas/datapipeline/airflow/dags/twitter_dag.py
[2022-01-16 20:50:05,334] {scheduler_job.py:163} INFO - Processing /home/nicholas/datapipeline/airflow/dags/twitter_dag.py took 0.026 seconds
[2022-01-16 20:50:57,376] {scheduler_job.py:155} INFO - Started process (PID=18511) to work on /home/nicholas/datapipeline/airflow/dags/twitter_dag.py
[2022-01-16 20:50:57,382] {scheduler_job.py:1572} INFO - Processing file /home/nicholas/datapipeline/airflow/dags/twitter_dag.py for tasks to queue
[2022-01-16 20:50:57,383] {logging_mixin.py:112} INFO - [2022-01-16 20:50:57,382] {dagbag.py:417} INFO - Filling up the DagBag from /home/nicholas/datapipeline/airflow/dags/twitter_dag.py
[2022-01-16 20:50:57,386] {logging_mixin.py:112} WARNING - /home/nicholas/datapipeline/airflow/dags/twitter_dag.py:2: FutureWarning: Importing 'TwitterOperator' from under 'airflow.operators.*' has been deprecated and should be directly imported as 'operators.twitter_operator.TwitterOperator' instead.

Support for importing from within the airflow namespace for plugins will be dropped entirely in Airflow 2.0. See <http://airflow.apache.org/docs/stable/howto/custom-operator.html>.
  from airflow.operators.alura import TwitterOperator
[2022-01-16 20:50:57,389] {scheduler_job.py:1584} INFO - DAG(s) dict_keys(['twitter_dag']) retrieved from /home/nicholas/datapipeline/airflow/dags/twitter_dag.py
[2022-01-16 20:50:57,444] {scheduler_job.py:163} INFO - Processing /home/nicholas/datapipeline/airflow/dags/twitter_dag.py took 0.069 seconds
[2022-01-16 20:51:49,494] {scheduler_job.py:155} INFO - Started process (PID=18544) to work on /home/nicholas/datapipeline/airflow/dags/twitter_dag.py
[2022-01-16 20:51:49,499] {scheduler_job.py:1572} INFO - Processing file /home/nicholas/datapipeline/airflow/dags/twitter_dag.py for tasks to queue
[2022-01-16 20:51:49,500] {logging_mixin.py:112} INFO - [2022-01-16 20:51:49,500] {dagbag.py:417} INFO - Filling up the DagBag from /home/nicholas/datapipeline/airflow/dags/twitter_dag.py
[2022-01-16 20:51:49,503] {logging_mixin.py:112} WARNING - /home/nicholas/datapipeline/airflow/dags/twitter_dag.py:2: FutureWarning: Importing 'TwitterOperator' from under 'airflow.operators.*' has been deprecated and should be directly imported as 'operators.twitter_operator.TwitterOperator' instead.

Support for importing from within the airflow namespace for plugins will be dropped entirely in Airflow 2.0. See <http://airflow.apache.org/docs/stable/howto/custom-operator.html>.
  from airflow.operators.alura import TwitterOperator
[2022-01-16 20:51:49,506] {scheduler_job.py:1584} INFO - DAG(s) dict_keys(['twitter_dag']) retrieved from /home/nicholas/datapipeline/airflow/dags/twitter_dag.py
[2022-01-16 20:51:49,544] {scheduler_job.py:163} INFO - Processing /home/nicholas/datapipeline/airflow/dags/twitter_dag.py took 0.051 seconds
[2022-01-16 20:52:41,568] {scheduler_job.py:155} INFO - Started process (PID=18585) to work on /home/nicholas/datapipeline/airflow/dags/twitter_dag.py
[2022-01-16 20:52:41,573] {scheduler_job.py:1572} INFO - Processing file /home/nicholas/datapipeline/airflow/dags/twitter_dag.py for tasks to queue
[2022-01-16 20:52:41,573] {logging_mixin.py:112} INFO - [2022-01-16 20:52:41,573] {dagbag.py:417} INFO - Filling up the DagBag from /home/nicholas/datapipeline/airflow/dags/twitter_dag.py
[2022-01-16 20:52:41,576] {logging_mixin.py:112} WARNING - /home/nicholas/datapipeline/airflow/dags/twitter_dag.py:2: FutureWarning: Importing 'TwitterOperator' from under 'airflow.operators.*' has been deprecated and should be directly imported as 'operators.twitter_operator.TwitterOperator' instead.

Support for importing from within the airflow namespace for plugins will be dropped entirely in Airflow 2.0. See <http://airflow.apache.org/docs/stable/howto/custom-operator.html>.
  from airflow.operators.alura import TwitterOperator
[2022-01-16 20:52:41,579] {scheduler_job.py:1584} INFO - DAG(s) dict_keys(['twitter_dag']) retrieved from /home/nicholas/datapipeline/airflow/dags/twitter_dag.py
[2022-01-16 20:52:41,600] {scheduler_job.py:163} INFO - Processing /home/nicholas/datapipeline/airflow/dags/twitter_dag.py took 0.032 seconds
[2022-01-16 20:53:33,659] {scheduler_job.py:155} INFO - Started process (PID=18619) to work on /home/nicholas/datapipeline/airflow/dags/twitter_dag.py
[2022-01-16 20:53:33,664] {scheduler_job.py:1572} INFO - Processing file /home/nicholas/datapipeline/airflow/dags/twitter_dag.py for tasks to queue
[2022-01-16 20:53:33,665] {logging_mixin.py:112} INFO - [2022-01-16 20:53:33,665] {dagbag.py:417} INFO - Filling up the DagBag from /home/nicholas/datapipeline/airflow/dags/twitter_dag.py
[2022-01-16 20:53:33,669] {logging_mixin.py:112} WARNING - /home/nicholas/datapipeline/airflow/dags/twitter_dag.py:2: FutureWarning: Importing 'TwitterOperator' from under 'airflow.operators.*' has been deprecated and should be directly imported as 'operators.twitter_operator.TwitterOperator' instead.

Support for importing from within the airflow namespace for plugins will be dropped entirely in Airflow 2.0. See <http://airflow.apache.org/docs/stable/howto/custom-operator.html>.
  from airflow.operators.alura import TwitterOperator
[2022-01-16 20:53:33,671] {scheduler_job.py:1584} INFO - DAG(s) dict_keys(['twitter_dag']) retrieved from /home/nicholas/datapipeline/airflow/dags/twitter_dag.py
[2022-01-16 20:53:33,715] {scheduler_job.py:163} INFO - Processing /home/nicholas/datapipeline/airflow/dags/twitter_dag.py took 0.057 seconds
[2022-01-16 20:54:25,744] {scheduler_job.py:155} INFO - Started process (PID=18651) to work on /home/nicholas/datapipeline/airflow/dags/twitter_dag.py
[2022-01-16 20:54:25,750] {scheduler_job.py:1572} INFO - Processing file /home/nicholas/datapipeline/airflow/dags/twitter_dag.py for tasks to queue
[2022-01-16 20:54:25,751] {logging_mixin.py:112} INFO - [2022-01-16 20:54:25,751] {dagbag.py:417} INFO - Filling up the DagBag from /home/nicholas/datapipeline/airflow/dags/twitter_dag.py
[2022-01-16 20:54:25,757] {logging_mixin.py:112} WARNING - /home/nicholas/datapipeline/airflow/dags/twitter_dag.py:2: FutureWarning: Importing 'TwitterOperator' from under 'airflow.operators.*' has been deprecated and should be directly imported as 'operators.twitter_operator.TwitterOperator' instead.

Support for importing from within the airflow namespace for plugins will be dropped entirely in Airflow 2.0. See <http://airflow.apache.org/docs/stable/howto/custom-operator.html>.
  from airflow.operators.alura import TwitterOperator
[2022-01-16 20:54:25,760] {scheduler_job.py:1584} INFO - DAG(s) dict_keys(['twitter_dag']) retrieved from /home/nicholas/datapipeline/airflow/dags/twitter_dag.py
[2022-01-16 20:54:25,804] {scheduler_job.py:163} INFO - Processing /home/nicholas/datapipeline/airflow/dags/twitter_dag.py took 0.060 seconds
[2022-01-16 20:55:17,836] {scheduler_job.py:155} INFO - Started process (PID=18690) to work on /home/nicholas/datapipeline/airflow/dags/twitter_dag.py
[2022-01-16 20:55:17,842] {scheduler_job.py:1572} INFO - Processing file /home/nicholas/datapipeline/airflow/dags/twitter_dag.py for tasks to queue
[2022-01-16 20:55:17,843] {logging_mixin.py:112} INFO - [2022-01-16 20:55:17,843] {dagbag.py:417} INFO - Filling up the DagBag from /home/nicholas/datapipeline/airflow/dags/twitter_dag.py
[2022-01-16 20:55:17,846] {logging_mixin.py:112} WARNING - /home/nicholas/datapipeline/airflow/dags/twitter_dag.py:2: FutureWarning: Importing 'TwitterOperator' from under 'airflow.operators.*' has been deprecated and should be directly imported as 'operators.twitter_operator.TwitterOperator' instead.

Support for importing from within the airflow namespace for plugins will be dropped entirely in Airflow 2.0. See <http://airflow.apache.org/docs/stable/howto/custom-operator.html>.
  from airflow.operators.alura import TwitterOperator
[2022-01-16 20:55:17,849] {scheduler_job.py:1584} INFO - DAG(s) dict_keys(['twitter_dag']) retrieved from /home/nicholas/datapipeline/airflow/dags/twitter_dag.py
[2022-01-16 20:55:17,870] {scheduler_job.py:163} INFO - Processing /home/nicholas/datapipeline/airflow/dags/twitter_dag.py took 0.034 seconds
[2022-01-16 20:56:09,917] {scheduler_job.py:155} INFO - Started process (PID=18729) to work on /home/nicholas/datapipeline/airflow/dags/twitter_dag.py
[2022-01-16 20:56:09,921] {scheduler_job.py:1572} INFO - Processing file /home/nicholas/datapipeline/airflow/dags/twitter_dag.py for tasks to queue
[2022-01-16 20:56:09,922] {logging_mixin.py:112} INFO - [2022-01-16 20:56:09,922] {dagbag.py:417} INFO - Filling up the DagBag from /home/nicholas/datapipeline/airflow/dags/twitter_dag.py
[2022-01-16 20:56:09,925] {logging_mixin.py:112} WARNING - /home/nicholas/datapipeline/airflow/dags/twitter_dag.py:2: FutureWarning: Importing 'TwitterOperator' from under 'airflow.operators.*' has been deprecated and should be directly imported as 'operators.twitter_operator.TwitterOperator' instead.

Support for importing from within the airflow namespace for plugins will be dropped entirely in Airflow 2.0. See <http://airflow.apache.org/docs/stable/howto/custom-operator.html>.
  from airflow.operators.alura import TwitterOperator
[2022-01-16 20:56:09,927] {scheduler_job.py:1584} INFO - DAG(s) dict_keys(['twitter_dag']) retrieved from /home/nicholas/datapipeline/airflow/dags/twitter_dag.py
[2022-01-16 20:56:09,970] {scheduler_job.py:163} INFO - Processing /home/nicholas/datapipeline/airflow/dags/twitter_dag.py took 0.053 seconds
[2022-01-16 20:57:02,015] {scheduler_job.py:155} INFO - Started process (PID=18775) to work on /home/nicholas/datapipeline/airflow/dags/twitter_dag.py
[2022-01-16 20:57:02,022] {scheduler_job.py:1572} INFO - Processing file /home/nicholas/datapipeline/airflow/dags/twitter_dag.py for tasks to queue
[2022-01-16 20:57:02,023] {logging_mixin.py:112} INFO - [2022-01-16 20:57:02,023] {dagbag.py:417} INFO - Filling up the DagBag from /home/nicholas/datapipeline/airflow/dags/twitter_dag.py
[2022-01-16 20:57:02,026] {logging_mixin.py:112} WARNING - /home/nicholas/datapipeline/airflow/dags/twitter_dag.py:2: FutureWarning: Importing 'TwitterOperator' from under 'airflow.operators.*' has been deprecated and should be directly imported as 'operators.twitter_operator.TwitterOperator' instead.

Support for importing from within the airflow namespace for plugins will be dropped entirely in Airflow 2.0. See <http://airflow.apache.org/docs/stable/howto/custom-operator.html>.
  from airflow.operators.alura import TwitterOperator
[2022-01-16 20:57:02,029] {scheduler_job.py:1584} INFO - DAG(s) dict_keys(['twitter_dag']) retrieved from /home/nicholas/datapipeline/airflow/dags/twitter_dag.py
[2022-01-16 20:57:02,077] {scheduler_job.py:163} INFO - Processing /home/nicholas/datapipeline/airflow/dags/twitter_dag.py took 0.063 seconds
[2022-01-16 20:57:57,323] {scheduler_job.py:155} INFO - Started process (PID=18881) to work on /home/nicholas/datapipeline/airflow/dags/twitter_dag.py
[2022-01-16 20:57:57,336] {scheduler_job.py:1572} INFO - Processing file /home/nicholas/datapipeline/airflow/dags/twitter_dag.py for tasks to queue
[2022-01-16 20:57:57,338] {logging_mixin.py:112} INFO - [2022-01-16 20:57:57,337] {dagbag.py:417} INFO - Filling up the DagBag from /home/nicholas/datapipeline/airflow/dags/twitter_dag.py
[2022-01-16 20:57:57,352] {logging_mixin.py:112} WARNING - /home/nicholas/datapipeline/airflow/dags/twitter_dag.py:2: FutureWarning: Importing 'TwitterOperator' from under 'airflow.operators.*' has been deprecated and should be directly imported as 'operators.twitter_operator.TwitterOperator' instead.

Support for importing from within the airflow namespace for plugins will be dropped entirely in Airflow 2.0. See <http://airflow.apache.org/docs/stable/howto/custom-operator.html>.
  from airflow.operators.alura import TwitterOperator
[2022-01-16 20:57:57,360] {scheduler_job.py:1584} INFO - DAG(s) dict_keys(['twitter_dag']) retrieved from /home/nicholas/datapipeline/airflow/dags/twitter_dag.py
[2022-01-16 20:57:57,452] {scheduler_job.py:163} INFO - Processing /home/nicholas/datapipeline/airflow/dags/twitter_dag.py took 0.129 seconds
[2022-01-16 20:58:49,376] {scheduler_job.py:155} INFO - Started process (PID=18919) to work on /home/nicholas/datapipeline/airflow/dags/twitter_dag.py
[2022-01-16 20:58:49,383] {scheduler_job.py:1572} INFO - Processing file /home/nicholas/datapipeline/airflow/dags/twitter_dag.py for tasks to queue
[2022-01-16 20:58:49,384] {logging_mixin.py:112} INFO - [2022-01-16 20:58:49,384] {dagbag.py:417} INFO - Filling up the DagBag from /home/nicholas/datapipeline/airflow/dags/twitter_dag.py
[2022-01-16 20:58:49,388] {logging_mixin.py:112} WARNING - /home/nicholas/datapipeline/airflow/dags/twitter_dag.py:2: FutureWarning: Importing 'TwitterOperator' from under 'airflow.operators.*' has been deprecated and should be directly imported as 'operators.twitter_operator.TwitterOperator' instead.

Support for importing from within the airflow namespace for plugins will be dropped entirely in Airflow 2.0. See <http://airflow.apache.org/docs/stable/howto/custom-operator.html>.
  from airflow.operators.alura import TwitterOperator
[2022-01-16 20:58:49,391] {scheduler_job.py:1584} INFO - DAG(s) dict_keys(['twitter_dag']) retrieved from /home/nicholas/datapipeline/airflow/dags/twitter_dag.py
[2022-01-16 20:58:49,415] {scheduler_job.py:163} INFO - Processing /home/nicholas/datapipeline/airflow/dags/twitter_dag.py took 0.039 seconds
[2022-01-16 20:59:41,472] {scheduler_job.py:155} INFO - Started process (PID=18955) to work on /home/nicholas/datapipeline/airflow/dags/twitter_dag.py
[2022-01-16 20:59:41,479] {scheduler_job.py:1572} INFO - Processing file /home/nicholas/datapipeline/airflow/dags/twitter_dag.py for tasks to queue
[2022-01-16 20:59:41,479] {logging_mixin.py:112} INFO - [2022-01-16 20:59:41,479] {dagbag.py:417} INFO - Filling up the DagBag from /home/nicholas/datapipeline/airflow/dags/twitter_dag.py
[2022-01-16 20:59:41,483] {logging_mixin.py:112} WARNING - /home/nicholas/datapipeline/airflow/dags/twitter_dag.py:2: FutureWarning: Importing 'TwitterOperator' from under 'airflow.operators.*' has been deprecated and should be directly imported as 'operators.twitter_operator.TwitterOperator' instead.

Support for importing from within the airflow namespace for plugins will be dropped entirely in Airflow 2.0. See <http://airflow.apache.org/docs/stable/howto/custom-operator.html>.
  from airflow.operators.alura import TwitterOperator
[2022-01-16 20:59:41,486] {scheduler_job.py:1584} INFO - DAG(s) dict_keys(['twitter_dag']) retrieved from /home/nicholas/datapipeline/airflow/dags/twitter_dag.py
[2022-01-16 20:59:41,523] {scheduler_job.py:163} INFO - Processing /home/nicholas/datapipeline/airflow/dags/twitter_dag.py took 0.051 seconds
