[2022-01-22 18:45:40,281] {taskinstance.py:670} INFO - Dependencies all met for <TaskInstance: twitter_dag.transform_twitter_sorocaba 2022-01-21T21:44:00+00:00 [queued]>
[2022-01-22 18:45:40,294] {taskinstance.py:670} INFO - Dependencies all met for <TaskInstance: twitter_dag.transform_twitter_sorocaba 2022-01-21T21:44:00+00:00 [queued]>
[2022-01-22 18:45:40,294] {taskinstance.py:880} INFO - 
--------------------------------------------------------------------------------
[2022-01-22 18:45:40,294] {taskinstance.py:881} INFO - Starting attempt 1 of 1
[2022-01-22 18:45:40,294] {taskinstance.py:882} INFO - 
--------------------------------------------------------------------------------
[2022-01-22 18:45:40,304] {taskinstance.py:901} INFO - Executing <Task(SparkSubmitOperator): transform_twitter_sorocaba> on 2022-01-21T21:44:00+00:00
[2022-01-22 18:45:40,306] {standard_task_runner.py:54} INFO - Started process 10060 to run task
[2022-01-22 18:45:40,355] {standard_task_runner.py:77} INFO - Running: ['airflow', 'run', 'twitter_dag', 'transform_twitter_sorocaba', '2022-01-21T21:44:00+00:00', '--job_id', '20', '--pool', 'default_pool', '--raw', '-sd', 'DAGS_FOLDER/twitter_dag.py', '--cfg_path', '/tmp/tmpwt6v0ktl']
[2022-01-22 18:45:40,356] {standard_task_runner.py:78} INFO - Job 20: Subtask transform_twitter_sorocaba
[2022-01-22 18:45:40,376] {logging_mixin.py:112} INFO - Running <TaskInstance: twitter_dag.transform_twitter_sorocaba 2022-01-21T21:44:00+00:00 [running]> on host nicholas-VirtualBox-ubuntu1804
[2022-01-22 18:45:40,417] {base_hook.py:89} INFO - Using connection to: id: spark_default. Host: local, Port: None, Schema: None, Login: None, Password: None, extra: XXXXXXXX
[2022-01-22 18:45:40,420] {spark_submit_hook.py:325} INFO - Spark-Submit cmd: /home/nicholas/Downloads/spark-3.2.0-bin-hadoop3.2/bin/spark-submit --master local --name twitter_transformation /home/nicholas/datapipeline/spark/transformation.py --src /home/nicholas/Documents/alura/datapipeline/datalake/bronze/twitter_sorocaba/extract_date=2022-01-21 --dest /home/nicholas/Documents/alura/datapipeline/datalake/silver/twitter_sorocaba/ --process-date 2022-01-21
[2022-01-22 18:45:42,386] {spark_submit_hook.py:479} INFO - 22/01/22 18:45:42 WARN Utils: Your hostname, nicholas-VirtualBox-ubuntu1804 resolves to a loopback address: 127.0.1.1; using 10.0.2.15 instead (on interface enp0s3)
[2022-01-22 18:45:42,387] {spark_submit_hook.py:479} INFO - 22/01/22 18:45:42 WARN Utils: Set SPARK_LOCAL_IP if you need to bind to another address
[2022-01-22 18:45:43,809] {spark_submit_hook.py:479} INFO - Using Spark's default log4j profile: org/apache/spark/log4j-defaults.properties
[2022-01-22 18:45:43,816] {spark_submit_hook.py:479} INFO - 22/01/22 18:45:43 INFO SparkContext: Running Spark version 3.2.0
[2022-01-22 18:45:43,923] {spark_submit_hook.py:479} INFO - 22/01/22 18:45:43 WARN NativeCodeLoader: Unable to load native-hadoop library for your platform... using builtin-java classes where applicable
[2022-01-22 18:45:44,007] {spark_submit_hook.py:479} INFO - 22/01/22 18:45:44 INFO ResourceUtils: ==============================================================
[2022-01-22 18:45:44,008] {spark_submit_hook.py:479} INFO - 22/01/22 18:45:44 INFO ResourceUtils: No custom resources configured for spark.driver.
[2022-01-22 18:45:44,008] {spark_submit_hook.py:479} INFO - 22/01/22 18:45:44 INFO ResourceUtils: ==============================================================
[2022-01-22 18:45:44,009] {spark_submit_hook.py:479} INFO - 22/01/22 18:45:44 INFO SparkContext: Submitted application: twitter_transformation
[2022-01-22 18:45:44,032] {spark_submit_hook.py:479} INFO - 22/01/22 18:45:44 INFO ResourceProfile: Default ResourceProfile created, executor resources: Map(cores -> name: cores, amount: 1, script: , vendor: , memory -> name: memory, amount: 1024, script: , vendor: , offHeap -> name: offHeap, amount: 0, script: , vendor: ), task resources: Map(cpus -> name: cpus, amount: 1.0)
[2022-01-22 18:45:44,043] {spark_submit_hook.py:479} INFO - 22/01/22 18:45:44 INFO ResourceProfile: Limiting resource is cpu
[2022-01-22 18:45:44,044] {spark_submit_hook.py:479} INFO - 22/01/22 18:45:44 INFO ResourceProfileManager: Added ResourceProfile id: 0
[2022-01-22 18:45:44,100] {spark_submit_hook.py:479} INFO - 22/01/22 18:45:44 INFO SecurityManager: Changing view acls to: nicholas
[2022-01-22 18:45:44,101] {spark_submit_hook.py:479} INFO - 22/01/22 18:45:44 INFO SecurityManager: Changing modify acls to: nicholas
[2022-01-22 18:45:44,101] {spark_submit_hook.py:479} INFO - 22/01/22 18:45:44 INFO SecurityManager: Changing view acls groups to:
[2022-01-22 18:45:44,101] {spark_submit_hook.py:479} INFO - 22/01/22 18:45:44 INFO SecurityManager: Changing modify acls groups to:
[2022-01-22 18:45:44,102] {spark_submit_hook.py:479} INFO - 22/01/22 18:45:44 INFO SecurityManager: SecurityManager: authentication disabled; ui acls disabled; users  with view permissions: Set(nicholas); groups with view permissions: Set(); users  with modify permissions: Set(nicholas); groups with modify permissions: Set()
[2022-01-22 18:45:44,354] {spark_submit_hook.py:479} INFO - 22/01/22 18:45:44 INFO Utils: Successfully started service 'sparkDriver' on port 44965.
[2022-01-22 18:45:44,383] {spark_submit_hook.py:479} INFO - 22/01/22 18:45:44 INFO SparkEnv: Registering MapOutputTracker
[2022-01-22 18:45:44,415] {spark_submit_hook.py:479} INFO - 22/01/22 18:45:44 INFO SparkEnv: Registering BlockManagerMaster
[2022-01-22 18:45:44,438] {spark_submit_hook.py:479} INFO - 22/01/22 18:45:44 INFO BlockManagerMasterEndpoint: Using org.apache.spark.storage.DefaultTopologyMapper for getting topology information
[2022-01-22 18:45:44,438] {spark_submit_hook.py:479} INFO - 22/01/22 18:45:44 INFO BlockManagerMasterEndpoint: BlockManagerMasterEndpoint up
[2022-01-22 18:45:44,442] {spark_submit_hook.py:479} INFO - 22/01/22 18:45:44 INFO SparkEnv: Registering BlockManagerMasterHeartbeat
[2022-01-22 18:45:44,463] {spark_submit_hook.py:479} INFO - 22/01/22 18:45:44 INFO DiskBlockManager: Created local directory at /tmp/blockmgr-72299d35-599b-4c4c-ae46-aae3ac21ac16
[2022-01-22 18:45:44,490] {spark_submit_hook.py:479} INFO - 22/01/22 18:45:44 INFO MemoryStore: MemoryStore started with capacity 366.3 MiB
[2022-01-22 18:45:44,504] {spark_submit_hook.py:479} INFO - 22/01/22 18:45:44 INFO SparkEnv: Registering OutputCommitCoordinator
[2022-01-22 18:45:44,739] {spark_submit_hook.py:479} INFO - 22/01/22 18:45:44 INFO Utils: Successfully started service 'SparkUI' on port 4040.
[2022-01-22 18:45:44,808] {spark_submit_hook.py:479} INFO - 22/01/22 18:45:44 INFO SparkUI: Bound SparkUI to 0.0.0.0, and started at http://10.0.2.15:4040
[2022-01-22 18:45:44,993] {spark_submit_hook.py:479} INFO - 22/01/22 18:45:44 INFO Executor: Starting executor ID driver on host 10.0.2.15
[2022-01-22 18:45:45,013] {spark_submit_hook.py:479} INFO - 22/01/22 18:45:45 INFO Utils: Successfully started service 'org.apache.spark.network.netty.NettyBlockTransferService' on port 34655.
[2022-01-22 18:45:45,014] {spark_submit_hook.py:479} INFO - 22/01/22 18:45:45 INFO NettyBlockTransferService: Server created on 10.0.2.15:34655
[2022-01-22 18:45:45,016] {spark_submit_hook.py:479} INFO - 22/01/22 18:45:45 INFO BlockManager: Using org.apache.spark.storage.RandomBlockReplicationPolicy for block replication policy
[2022-01-22 18:45:45,023] {spark_submit_hook.py:479} INFO - 22/01/22 18:45:45 INFO BlockManagerMaster: Registering BlockManager BlockManagerId(driver, 10.0.2.15, 34655, None)
[2022-01-22 18:45:45,026] {spark_submit_hook.py:479} INFO - 22/01/22 18:45:45 INFO BlockManagerMasterEndpoint: Registering block manager 10.0.2.15:34655 with 366.3 MiB RAM, BlockManagerId(driver, 10.0.2.15, 34655, None)
[2022-01-22 18:45:45,027] {spark_submit_hook.py:479} INFO - 22/01/22 18:45:45 INFO BlockManagerMaster: Registered BlockManager BlockManagerId(driver, 10.0.2.15, 34655, None)
[2022-01-22 18:45:45,028] {spark_submit_hook.py:479} INFO - 22/01/22 18:45:45 INFO BlockManager: Initialized BlockManager: BlockManagerId(driver, 10.0.2.15, 34655, None)
[2022-01-22 18:45:45,248] {spark_submit_hook.py:479} INFO - /home/nicholas/Downloads/spark-3.2.0-bin-hadoop3.2/python/lib/pyspark.zip/pyspark/context.py:238: FutureWarning: Python 3.6 support is deprecated in Spark 3.2.
[2022-01-22 18:45:45,248] {spark_submit_hook.py:479} INFO - FutureWarning
[2022-01-22 18:45:45,675] {spark_submit_hook.py:479} INFO - 22/01/22 18:45:45 INFO SharedState: Setting hive.metastore.warehouse.dir ('null') to the value of spark.sql.warehouse.dir.
[2022-01-22 18:45:45,716] {spark_submit_hook.py:479} INFO - 22/01/22 18:45:45 INFO SharedState: Warehouse path is 'file:/home/nicholas/datapipeline/spark-warehouse'.
[2022-01-22 18:45:46,800] {spark_submit_hook.py:479} INFO - 22/01/22 18:45:46 INFO InMemoryFileIndex: It took 39 ms to list leaf files for 1 paths.
[2022-01-22 18:45:46,948] {spark_submit_hook.py:479} INFO - 22/01/22 18:45:46 INFO InMemoryFileIndex: It took 1 ms to list leaf files for 1 paths.
[2022-01-22 18:45:49,215] {spark_submit_hook.py:479} INFO - 22/01/22 18:45:49 INFO FileSourceStrategy: Pushed Filters:
[2022-01-22 18:45:49,217] {spark_submit_hook.py:479} INFO - 22/01/22 18:45:49 INFO FileSourceStrategy: Post-Scan Filters:
[2022-01-22 18:45:49,220] {spark_submit_hook.py:479} INFO - 22/01/22 18:45:49 INFO FileSourceStrategy: Output Data Schema: struct<value: string>
[2022-01-22 18:45:49,538] {spark_submit_hook.py:479} INFO - 22/01/22 18:45:49 INFO MemoryStore: Block broadcast_0 stored as values in memory (estimated size 338.1 KiB, free 366.0 MiB)
[2022-01-22 18:45:49,599] {spark_submit_hook.py:479} INFO - 22/01/22 18:45:49 INFO MemoryStore: Block broadcast_0_piece0 stored as bytes in memory (estimated size 32.5 KiB, free 365.9 MiB)
[2022-01-22 18:45:49,603] {spark_submit_hook.py:479} INFO - 22/01/22 18:45:49 INFO BlockManagerInfo: Added broadcast_0_piece0 in memory on 10.0.2.15:34655 (size: 32.5 KiB, free: 366.3 MiB)
[2022-01-22 18:45:49,608] {spark_submit_hook.py:479} INFO - 22/01/22 18:45:49 INFO SparkContext: Created broadcast 0 from json at NativeMethodAccessorImpl.java:0
[2022-01-22 18:45:49,622] {spark_submit_hook.py:479} INFO - 22/01/22 18:45:49 INFO FileSourceScanExec: Planning scan with bin packing, max size: 4547080 bytes, open cost is considered as scanning 4194304 bytes.
[2022-01-22 18:45:49,770] {spark_submit_hook.py:479} INFO - 22/01/22 18:45:49 INFO SparkContext: Starting job: json at NativeMethodAccessorImpl.java:0
[2022-01-22 18:45:49,784] {spark_submit_hook.py:479} INFO - 22/01/22 18:45:49 INFO DAGScheduler: Got job 0 (json at NativeMethodAccessorImpl.java:0) with 1 output partitions
[2022-01-22 18:45:49,785] {spark_submit_hook.py:479} INFO - 22/01/22 18:45:49 INFO DAGScheduler: Final stage: ResultStage 0 (json at NativeMethodAccessorImpl.java:0)
[2022-01-22 18:45:49,785] {spark_submit_hook.py:479} INFO - 22/01/22 18:45:49 INFO DAGScheduler: Parents of final stage: List()
[2022-01-22 18:45:49,786] {spark_submit_hook.py:479} INFO - 22/01/22 18:45:49 INFO DAGScheduler: Missing parents: List()
[2022-01-22 18:45:49,794] {spark_submit_hook.py:479} INFO - 22/01/22 18:45:49 INFO DAGScheduler: Submitting ResultStage 0 (MapPartitionsRDD[3] at json at NativeMethodAccessorImpl.java:0), which has no missing parents
[2022-01-22 18:45:49,877] {spark_submit_hook.py:479} INFO - 22/01/22 18:45:49 INFO MemoryStore: Block broadcast_1 stored as values in memory (estimated size 12.4 KiB, free 365.9 MiB)
[2022-01-22 18:45:49,896] {spark_submit_hook.py:479} INFO - 22/01/22 18:45:49 INFO MemoryStore: Block broadcast_1_piece0 stored as bytes in memory (estimated size 6.5 KiB, free 365.9 MiB)
[2022-01-22 18:45:49,900] {spark_submit_hook.py:479} INFO - 22/01/22 18:45:49 INFO BlockManagerInfo: Added broadcast_1_piece0 in memory on 10.0.2.15:34655 (size: 6.5 KiB, free: 366.3 MiB)
[2022-01-22 18:45:49,903] {spark_submit_hook.py:479} INFO - 22/01/22 18:45:49 INFO SparkContext: Created broadcast 1 from broadcast at DAGScheduler.scala:1427
[2022-01-22 18:45:49,935] {spark_submit_hook.py:479} INFO - 22/01/22 18:45:49 INFO DAGScheduler: Submitting 1 missing tasks from ResultStage 0 (MapPartitionsRDD[3] at json at NativeMethodAccessorImpl.java:0) (first 15 tasks are for partitions Vector(0))
[2022-01-22 18:45:49,937] {spark_submit_hook.py:479} INFO - 22/01/22 18:45:49 INFO TaskSchedulerImpl: Adding task set 0.0 with 1 tasks resource profile 0
[2022-01-22 18:45:49,990] {spark_submit_hook.py:479} INFO - 22/01/22 18:45:49 INFO TaskSetManager: Starting task 0.0 in stage 0.0 (TID 0) (10.0.2.15, executor driver, partition 0, PROCESS_LOCAL, 4960 bytes) taskResourceAssignments Map()
[2022-01-22 18:45:50,013] {spark_submit_hook.py:479} INFO - 22/01/22 18:45:50 INFO Executor: Running task 0.0 in stage 0.0 (TID 0)
[2022-01-22 18:45:50,373] {spark_submit_hook.py:479} INFO - 22/01/22 18:45:50 INFO FileScanRDD: Reading File path: file:///home/nicholas/Documents/alura/datapipeline/datalake/bronze/twitter_sorocaba/extract_date=2022-01-21/QuerySorocaba_20220121.json, range: 0-352776, partition values: [empty row]
[2022-01-22 18:45:50,651] {spark_submit_hook.py:479} INFO - 22/01/22 18:45:50 INFO CodeGenerator: Code generated in 231.633316 ms
[2022-01-22 18:45:50,762] {spark_submit_hook.py:479} INFO - 22/01/22 18:45:50 INFO Executor: Finished task 0.0 in stage 0.0 (TID 0). 2858 bytes result sent to driver
[2022-01-22 18:45:50,782] {spark_submit_hook.py:479} INFO - 22/01/22 18:45:50 INFO TaskSetManager: Finished task 0.0 in stage 0.0 (TID 0) in 805 ms on 10.0.2.15 (executor driver) (1/1)
[2022-01-22 18:45:50,795] {spark_submit_hook.py:479} INFO - 22/01/22 18:45:50 INFO TaskSchedulerImpl: Removed TaskSet 0.0, whose tasks have all completed, from pool
[2022-01-22 18:45:50,801] {spark_submit_hook.py:479} INFO - 22/01/22 18:45:50 INFO DAGScheduler: ResultStage 0 (json at NativeMethodAccessorImpl.java:0) finished in 0,986 s
[2022-01-22 18:45:50,804] {spark_submit_hook.py:479} INFO - 22/01/22 18:45:50 INFO DAGScheduler: Job 0 is finished. Cancelling potential speculative or zombie tasks for this job
[2022-01-22 18:45:50,805] {spark_submit_hook.py:479} INFO - 22/01/22 18:45:50 INFO TaskSchedulerImpl: Killing all running tasks in stage 0: Stage finished
[2022-01-22 18:45:50,807] {spark_submit_hook.py:479} INFO - 22/01/22 18:45:50 INFO DAGScheduler: Job 0 finished: json at NativeMethodAccessorImpl.java:0, took 1,036153 s
[2022-01-22 18:45:51,237] {spark_submit_hook.py:479} INFO - 22/01/22 18:45:51 INFO FileSourceStrategy: Pushed Filters: IsNotNull(data)
[2022-01-22 18:45:51,239] {spark_submit_hook.py:479} INFO - 22/01/22 18:45:51 INFO FileSourceStrategy: Post-Scan Filters: (size(data#7, true) > 0),isnotnull(data#7)
[2022-01-22 18:45:51,240] {spark_submit_hook.py:479} INFO - 22/01/22 18:45:51 INFO FileSourceStrategy: Output Data Schema: struct<data: array<struct<author_id:string,conversation_id:string,created_at:string,id:string,in_reply_to_user_id:string,public_metrics:struct<like_count:bigint,quote_count:bigint,reply_count:bigint,retweet_count:bigint>,text:string>>>
[2022-01-22 18:45:51,357] {spark_submit_hook.py:479} INFO - 22/01/22 18:45:51 INFO FileOutputCommitter: File Output Committer Algorithm version is 1
[2022-01-22 18:45:51,357] {spark_submit_hook.py:479} INFO - 22/01/22 18:45:51 INFO FileOutputCommitter: FileOutputCommitter skip cleanup _temporary folders under output directory:false, ignore cleanup failures: false
[2022-01-22 18:45:51,358] {spark_submit_hook.py:479} INFO - 22/01/22 18:45:51 INFO SQLHadoopMapReduceCommitProtocol: Using output committer class org.apache.hadoop.mapreduce.lib.output.FileOutputCommitter
[2022-01-22 18:45:51,588] {spark_submit_hook.py:479} INFO - 22/01/22 18:45:51 INFO CodeGenerator: Code generated in 150.805675 ms
[2022-01-22 18:45:51,617] {spark_submit_hook.py:479} INFO - 22/01/22 18:45:51 INFO MemoryStore: Block broadcast_2 stored as values in memory (estimated size 337.9 KiB, free 365.6 MiB)
[2022-01-22 18:45:51,629] {spark_submit_hook.py:479} INFO - 22/01/22 18:45:51 INFO MemoryStore: Block broadcast_2_piece0 stored as bytes in memory (estimated size 32.4 KiB, free 365.6 MiB)
[2022-01-22 18:45:51,630] {spark_submit_hook.py:479} INFO - 22/01/22 18:45:51 INFO BlockManagerInfo: Added broadcast_2_piece0 in memory on 10.0.2.15:34655 (size: 32.4 KiB, free: 366.2 MiB)
[2022-01-22 18:45:51,639] {spark_submit_hook.py:479} INFO - 22/01/22 18:45:51 INFO SparkContext: Created broadcast 2 from json at NativeMethodAccessorImpl.java:0
[2022-01-22 18:45:51,640] {spark_submit_hook.py:479} INFO - 22/01/22 18:45:51 INFO FileSourceScanExec: Planning scan with bin packing, max size: 4547080 bytes, open cost is considered as scanning 4194304 bytes.
[2022-01-22 18:45:51,707] {spark_submit_hook.py:479} INFO - 22/01/22 18:45:51 INFO SparkContext: Starting job: json at NativeMethodAccessorImpl.java:0
[2022-01-22 18:45:51,708] {spark_submit_hook.py:479} INFO - 22/01/22 18:45:51 INFO DAGScheduler: Got job 1 (json at NativeMethodAccessorImpl.java:0) with 1 output partitions
[2022-01-22 18:45:51,708] {spark_submit_hook.py:479} INFO - 22/01/22 18:45:51 INFO DAGScheduler: Final stage: ResultStage 1 (json at NativeMethodAccessorImpl.java:0)
[2022-01-22 18:45:51,708] {spark_submit_hook.py:479} INFO - 22/01/22 18:45:51 INFO DAGScheduler: Parents of final stage: List()
[2022-01-22 18:45:51,708] {spark_submit_hook.py:479} INFO - 22/01/22 18:45:51 INFO DAGScheduler: Missing parents: List()
[2022-01-22 18:45:51,709] {spark_submit_hook.py:479} INFO - 22/01/22 18:45:51 INFO DAGScheduler: Submitting ResultStage 1 (CoalescedRDD[7] at json at NativeMethodAccessorImpl.java:0), which has no missing parents
[2022-01-22 18:45:51,734] {spark_submit_hook.py:479} INFO - 22/01/22 18:45:51 INFO MemoryStore: Block broadcast_3 stored as values in memory (estimated size 223.5 KiB, free 365.3 MiB)
[2022-01-22 18:45:51,734] {spark_submit_hook.py:479} INFO - 22/01/22 18:45:51 INFO MemoryStore: Block broadcast_3_piece0 stored as bytes in memory (estimated size 76.8 KiB, free 365.3 MiB)
[2022-01-22 18:45:51,734] {spark_submit_hook.py:479} INFO - 22/01/22 18:45:51 INFO BlockManagerInfo: Added broadcast_3_piece0 in memory on 10.0.2.15:34655 (size: 76.8 KiB, free: 366.2 MiB)
[2022-01-22 18:45:51,734] {spark_submit_hook.py:479} INFO - 22/01/22 18:45:51 INFO SparkContext: Created broadcast 3 from broadcast at DAGScheduler.scala:1427
[2022-01-22 18:45:51,735] {spark_submit_hook.py:479} INFO - 22/01/22 18:45:51 INFO DAGScheduler: Submitting 1 missing tasks from ResultStage 1 (CoalescedRDD[7] at json at NativeMethodAccessorImpl.java:0) (first 15 tasks are for partitions Vector(0))
[2022-01-22 18:45:51,735] {spark_submit_hook.py:479} INFO - 22/01/22 18:45:51 INFO TaskSchedulerImpl: Adding task set 1.0 with 1 tasks resource profile 0
[2022-01-22 18:45:51,738] {spark_submit_hook.py:479} INFO - 22/01/22 18:45:51 INFO TaskSetManager: Starting task 0.0 in stage 1.0 (TID 1) (10.0.2.15, executor driver, partition 0, PROCESS_LOCAL, 5189 bytes) taskResourceAssignments Map()
[2022-01-22 18:45:51,739] {spark_submit_hook.py:479} INFO - 22/01/22 18:45:51 INFO Executor: Running task 0.0 in stage 1.0 (TID 1)
[2022-01-22 18:45:51,777] {spark_submit_hook.py:479} INFO - 22/01/22 18:45:51 INFO FileOutputCommitter: File Output Committer Algorithm version is 1
[2022-01-22 18:45:51,778] {spark_submit_hook.py:479} INFO - 22/01/22 18:45:51 INFO FileOutputCommitter: FileOutputCommitter skip cleanup _temporary folders under output directory:false, ignore cleanup failures: false
[2022-01-22 18:45:51,778] {spark_submit_hook.py:479} INFO - 22/01/22 18:45:51 INFO SQLHadoopMapReduceCommitProtocol: Using output committer class org.apache.hadoop.mapreduce.lib.output.FileOutputCommitter
[2022-01-22 18:45:51,817] {spark_submit_hook.py:479} INFO - 22/01/22 18:45:51 INFO FileScanRDD: Reading File path: file:///home/nicholas/Documents/alura/datapipeline/datalake/bronze/twitter_sorocaba/extract_date=2022-01-21/QuerySorocaba_20220121.json, range: 0-352776, partition values: [empty row]
[2022-01-22 18:45:51,841] {spark_submit_hook.py:479} INFO - 22/01/22 18:45:51 INFO CodeGenerator: Code generated in 20.320746 ms
[2022-01-22 18:45:51,866] {spark_submit_hook.py:479} INFO - 22/01/22 18:45:51 INFO CodeGenerator: Code generated in 6.88653 ms
[2022-01-22 18:45:51,974] {spark_submit_hook.py:479} INFO - 22/01/22 18:45:51 INFO FileOutputCommitter: Saved output of task 'attempt_202201221845511040230227936668943_0001_m_000000_1' to file:/home/nicholas/Documents/alura/datapipeline/datalake/silver/twitter_sorocaba/tweet/process_date=2022-01-21/_temporary/0/task_202201221845511040230227936668943_0001_m_000000
[2022-01-22 18:45:51,974] {spark_submit_hook.py:479} INFO - 22/01/22 18:45:51 INFO SparkHadoopMapRedUtil: attempt_202201221845511040230227936668943_0001_m_000000_1: Committed
[2022-01-22 18:45:51,980] {spark_submit_hook.py:479} INFO - 22/01/22 18:45:51 INFO Executor: Finished task 0.0 in stage 1.0 (TID 1). 2670 bytes result sent to driver
[2022-01-22 18:45:51,983] {spark_submit_hook.py:479} INFO - 22/01/22 18:45:51 INFO TaskSetManager: Finished task 0.0 in stage 1.0 (TID 1) in 247 ms on 10.0.2.15 (executor driver) (1/1)
[2022-01-22 18:45:51,984] {spark_submit_hook.py:479} INFO - 22/01/22 18:45:51 INFO DAGScheduler: ResultStage 1 (json at NativeMethodAccessorImpl.java:0) finished in 0,274 s
[2022-01-22 18:45:51,984] {spark_submit_hook.py:479} INFO - 22/01/22 18:45:51 INFO DAGScheduler: Job 1 is finished. Cancelling potential speculative or zombie tasks for this job
[2022-01-22 18:45:51,984] {spark_submit_hook.py:479} INFO - 22/01/22 18:45:51 INFO TaskSchedulerImpl: Removed TaskSet 1.0, whose tasks have all completed, from pool
[2022-01-22 18:45:51,984] {spark_submit_hook.py:479} INFO - 22/01/22 18:45:51 INFO TaskSchedulerImpl: Killing all running tasks in stage 1: Stage finished
[2022-01-22 18:45:51,986] {spark_submit_hook.py:479} INFO - 22/01/22 18:45:51 INFO DAGScheduler: Job 1 finished: json at NativeMethodAccessorImpl.java:0, took 0,278965 s
[2022-01-22 18:45:51,988] {spark_submit_hook.py:479} INFO - 22/01/22 18:45:51 INFO FileFormatWriter: Start to commit write Job c1a47aeb-4cc5-4928-9947-fae594ac09c2.
[2022-01-22 18:45:52,003] {spark_submit_hook.py:479} INFO - 22/01/22 18:45:52 INFO FileFormatWriter: Write Job c1a47aeb-4cc5-4928-9947-fae594ac09c2 committed. Elapsed time: 13 ms.
[2022-01-22 18:45:52,005] {spark_submit_hook.py:479} INFO - 22/01/22 18:45:52 INFO FileFormatWriter: Finished processing stats for write job c1a47aeb-4cc5-4928-9947-fae594ac09c2.
[2022-01-22 18:45:52,044] {spark_submit_hook.py:479} INFO - 22/01/22 18:45:52 INFO FileSourceStrategy: Pushed Filters: IsNotNull(includes)
[2022-01-22 18:45:52,044] {spark_submit_hook.py:479} INFO - 22/01/22 18:45:52 INFO FileSourceStrategy: Post-Scan Filters: isnotnull(includes#8),(size(includes#8.users, true) > 0),isnotnull(includes#8.users)
[2022-01-22 18:45:52,044] {spark_submit_hook.py:479} INFO - 22/01/22 18:45:52 INFO FileSourceStrategy: Output Data Schema: struct<includes: struct<users: array<struct<created_at:string,id:string,name:string,username:string>>>>
[2022-01-22 18:45:52,058] {spark_submit_hook.py:479} INFO - 22/01/22 18:45:52 INFO FileOutputCommitter: File Output Committer Algorithm version is 1
[2022-01-22 18:45:52,058] {spark_submit_hook.py:479} INFO - 22/01/22 18:45:52 INFO FileOutputCommitter: FileOutputCommitter skip cleanup _temporary folders under output directory:false, ignore cleanup failures: false
[2022-01-22 18:45:52,058] {spark_submit_hook.py:479} INFO - 22/01/22 18:45:52 INFO SQLHadoopMapReduceCommitProtocol: Using output committer class org.apache.hadoop.mapreduce.lib.output.FileOutputCommitter
[2022-01-22 18:45:52,101] {spark_submit_hook.py:479} INFO - 22/01/22 18:45:52 INFO CodeGenerator: Code generated in 15.295131 ms
[2022-01-22 18:45:52,105] {spark_submit_hook.py:479} INFO - 22/01/22 18:45:52 INFO MemoryStore: Block broadcast_4 stored as values in memory (estimated size 337.9 KiB, free 364.9 MiB)
[2022-01-22 18:45:52,112] {spark_submit_hook.py:479} INFO - 22/01/22 18:45:52 INFO MemoryStore: Block broadcast_4_piece0 stored as bytes in memory (estimated size 32.4 KiB, free 364.9 MiB)
[2022-01-22 18:45:52,113] {spark_submit_hook.py:479} INFO - 22/01/22 18:45:52 INFO BlockManagerInfo: Added broadcast_4_piece0 in memory on 10.0.2.15:34655 (size: 32.4 KiB, free: 366.1 MiB)
[2022-01-22 18:45:52,114] {spark_submit_hook.py:479} INFO - 22/01/22 18:45:52 INFO SparkContext: Created broadcast 4 from json at NativeMethodAccessorImpl.java:0
[2022-01-22 18:45:52,115] {spark_submit_hook.py:479} INFO - 22/01/22 18:45:52 INFO FileSourceScanExec: Planning scan with bin packing, max size: 4547080 bytes, open cost is considered as scanning 4194304 bytes.
[2022-01-22 18:45:52,132] {spark_submit_hook.py:479} INFO - 22/01/22 18:45:52 INFO SparkContext: Starting job: json at NativeMethodAccessorImpl.java:0
[2022-01-22 18:45:52,133] {spark_submit_hook.py:479} INFO - 22/01/22 18:45:52 INFO DAGScheduler: Got job 2 (json at NativeMethodAccessorImpl.java:0) with 1 output partitions
[2022-01-22 18:45:52,133] {spark_submit_hook.py:479} INFO - 22/01/22 18:45:52 INFO DAGScheduler: Final stage: ResultStage 2 (json at NativeMethodAccessorImpl.java:0)
[2022-01-22 18:45:52,133] {spark_submit_hook.py:479} INFO - 22/01/22 18:45:52 INFO DAGScheduler: Parents of final stage: List()
[2022-01-22 18:45:52,133] {spark_submit_hook.py:479} INFO - 22/01/22 18:45:52 INFO DAGScheduler: Missing parents: List()
[2022-01-22 18:45:52,134] {spark_submit_hook.py:479} INFO - 22/01/22 18:45:52 INFO DAGScheduler: Submitting ResultStage 2 (CoalescedRDD[11] at json at NativeMethodAccessorImpl.java:0), which has no missing parents
[2022-01-22 18:45:52,161] {spark_submit_hook.py:479} INFO - 22/01/22 18:45:52 INFO MemoryStore: Block broadcast_5 stored as values in memory (estimated size 211.1 KiB, free 364.7 MiB)
[2022-01-22 18:45:52,163] {spark_submit_hook.py:479} INFO - 22/01/22 18:45:52 INFO MemoryStore: Block broadcast_5_piece0 stored as bytes in memory (estimated size 75.2 KiB, free 364.6 MiB)
[2022-01-22 18:45:52,164] {spark_submit_hook.py:479} INFO - 22/01/22 18:45:52 INFO BlockManagerInfo: Added broadcast_5_piece0 in memory on 10.0.2.15:34655 (size: 75.2 KiB, free: 366.1 MiB)
[2022-01-22 18:45:52,164] {spark_submit_hook.py:479} INFO - 22/01/22 18:45:52 INFO SparkContext: Created broadcast 5 from broadcast at DAGScheduler.scala:1427
[2022-01-22 18:45:52,165] {spark_submit_hook.py:479} INFO - 22/01/22 18:45:52 INFO DAGScheduler: Submitting 1 missing tasks from ResultStage 2 (CoalescedRDD[11] at json at NativeMethodAccessorImpl.java:0) (first 15 tasks are for partitions Vector(0))
[2022-01-22 18:45:52,165] {spark_submit_hook.py:479} INFO - 22/01/22 18:45:52 INFO TaskSchedulerImpl: Adding task set 2.0 with 1 tasks resource profile 0
[2022-01-22 18:45:52,166] {spark_submit_hook.py:479} INFO - 22/01/22 18:45:52 INFO TaskSetManager: Starting task 0.0 in stage 2.0 (TID 2) (10.0.2.15, executor driver, partition 0, PROCESS_LOCAL, 5189 bytes) taskResourceAssignments Map()
[2022-01-22 18:45:52,167] {spark_submit_hook.py:479} INFO - 22/01/22 18:45:52 INFO Executor: Running task 0.0 in stage 2.0 (TID 2)
[2022-01-22 18:45:52,181] {spark_submit_hook.py:479} INFO - 22/01/22 18:45:52 INFO FileOutputCommitter: File Output Committer Algorithm version is 1
[2022-01-22 18:45:52,181] {spark_submit_hook.py:479} INFO - 22/01/22 18:45:52 INFO FileOutputCommitter: FileOutputCommitter skip cleanup _temporary folders under output directory:false, ignore cleanup failures: false
[2022-01-22 18:45:52,181] {spark_submit_hook.py:479} INFO - 22/01/22 18:45:52 INFO SQLHadoopMapReduceCommitProtocol: Using output committer class org.apache.hadoop.mapreduce.lib.output.FileOutputCommitter
[2022-01-22 18:45:52,197] {spark_submit_hook.py:479} INFO - 22/01/22 18:45:52 INFO FileScanRDD: Reading File path: file:///home/nicholas/Documents/alura/datapipeline/datalake/bronze/twitter_sorocaba/extract_date=2022-01-21/QuerySorocaba_20220121.json, range: 0-352776, partition values: [empty row]
[2022-01-22 18:45:52,211] {spark_submit_hook.py:479} INFO - 22/01/22 18:45:52 INFO CodeGenerator: Code generated in 11.99479 ms
[2022-01-22 18:45:52,218] {spark_submit_hook.py:479} INFO - 22/01/22 18:45:52 INFO CodeGenerator: Code generated in 4.799432 ms
[2022-01-22 18:45:52,236] {spark_submit_hook.py:479} INFO - 22/01/22 18:45:52 INFO FileOutputCommitter: Saved output of task 'attempt_202201221845521268721074156240833_0002_m_000000_2' to file:/home/nicholas/Documents/alura/datapipeline/datalake/silver/twitter_sorocaba/user/process_date=2022-01-21/_temporary/0/task_202201221845521268721074156240833_0002_m_000000
[2022-01-22 18:45:52,236] {spark_submit_hook.py:479} INFO - 22/01/22 18:45:52 INFO SparkHadoopMapRedUtil: attempt_202201221845521268721074156240833_0002_m_000000_2: Committed
[2022-01-22 18:45:52,238] {spark_submit_hook.py:479} INFO - 22/01/22 18:45:52 INFO Executor: Finished task 0.0 in stage 2.0 (TID 2). 2627 bytes result sent to driver
[2022-01-22 18:45:52,240] {spark_submit_hook.py:479} INFO - 22/01/22 18:45:52 INFO TaskSetManager: Finished task 0.0 in stage 2.0 (TID 2) in 74 ms on 10.0.2.15 (executor driver) (1/1)
[2022-01-22 18:45:52,241] {spark_submit_hook.py:479} INFO - 22/01/22 18:45:52 INFO TaskSchedulerImpl: Removed TaskSet 2.0, whose tasks have all completed, from pool
[2022-01-22 18:45:52,241] {spark_submit_hook.py:479} INFO - 22/01/22 18:45:52 INFO DAGScheduler: ResultStage 2 (json at NativeMethodAccessorImpl.java:0) finished in 0,106 s
[2022-01-22 18:45:52,242] {spark_submit_hook.py:479} INFO - 22/01/22 18:45:52 INFO DAGScheduler: Job 2 is finished. Cancelling potential speculative or zombie tasks for this job
[2022-01-22 18:45:52,242] {spark_submit_hook.py:479} INFO - 22/01/22 18:45:52 INFO TaskSchedulerImpl: Killing all running tasks in stage 2: Stage finished
[2022-01-22 18:45:52,243] {spark_submit_hook.py:479} INFO - 22/01/22 18:45:52 INFO DAGScheduler: Job 2 finished: json at NativeMethodAccessorImpl.java:0, took 0,110274 s
[2022-01-22 18:45:52,243] {spark_submit_hook.py:479} INFO - 22/01/22 18:45:52 INFO FileFormatWriter: Start to commit write Job 0242e55d-62c7-4f97-bcf9-76d3cbe47729.
[2022-01-22 18:45:52,263] {spark_submit_hook.py:479} INFO - 22/01/22 18:45:52 INFO FileFormatWriter: Write Job 0242e55d-62c7-4f97-bcf9-76d3cbe47729 committed. Elapsed time: 20 ms.
[2022-01-22 18:45:52,264] {spark_submit_hook.py:479} INFO - 22/01/22 18:45:52 INFO FileFormatWriter: Finished processing stats for write job 0242e55d-62c7-4f97-bcf9-76d3cbe47729.
[2022-01-22 18:45:52,331] {spark_submit_hook.py:479} INFO - 22/01/22 18:45:52 INFO SparkContext: Invoking stop() from shutdown hook
[2022-01-22 18:45:52,342] {spark_submit_hook.py:479} INFO - 22/01/22 18:45:52 INFO SparkUI: Stopped Spark web UI at http://10.0.2.15:4040
[2022-01-22 18:45:52,366] {spark_submit_hook.py:479} INFO - 22/01/22 18:45:52 INFO MapOutputTrackerMasterEndpoint: MapOutputTrackerMasterEndpoint stopped!
[2022-01-22 18:45:52,399] {spark_submit_hook.py:479} INFO - 22/01/22 18:45:52 INFO MemoryStore: MemoryStore cleared
[2022-01-22 18:45:52,399] {spark_submit_hook.py:479} INFO - 22/01/22 18:45:52 INFO BlockManager: BlockManager stopped
[2022-01-22 18:45:52,406] {spark_submit_hook.py:479} INFO - 22/01/22 18:45:52 INFO BlockManagerMaster: BlockManagerMaster stopped
[2022-01-22 18:45:52,408] {spark_submit_hook.py:479} INFO - 22/01/22 18:45:52 INFO OutputCommitCoordinator$OutputCommitCoordinatorEndpoint: OutputCommitCoordinator stopped!
[2022-01-22 18:45:52,418] {spark_submit_hook.py:479} INFO - 22/01/22 18:45:52 INFO SparkContext: Successfully stopped SparkContext
[2022-01-22 18:45:52,418] {spark_submit_hook.py:479} INFO - 22/01/22 18:45:52 INFO ShutdownHookManager: Shutdown hook called
[2022-01-22 18:45:52,418] {spark_submit_hook.py:479} INFO - 22/01/22 18:45:52 INFO ShutdownHookManager: Deleting directory /tmp/spark-c1510722-9c7b-42e1-922f-e1e2d8a3f891
[2022-01-22 18:45:52,420] {spark_submit_hook.py:479} INFO - 22/01/22 18:45:52 INFO ShutdownHookManager: Deleting directory /tmp/spark-f7f15976-19bd-4532-bdd3-69b728efa875
[2022-01-22 18:45:52,422] {spark_submit_hook.py:479} INFO - 22/01/22 18:45:52 INFO ShutdownHookManager: Deleting directory /tmp/spark-f7f15976-19bd-4532-bdd3-69b728efa875/pyspark-40152e6b-d9f1-4799-a6c9-3248e13f824c
[2022-01-22 18:45:52,495] {taskinstance.py:1070} INFO - Marking task as SUCCESS.dag_id=twitter_dag, task_id=transform_twitter_sorocaba, execution_date=20220121T214400, start_date=20220122T214540, end_date=20220122T214552
[2022-01-22 18:45:55,272] {local_task_job.py:102} INFO - Task exited with return code 0
