[2022-01-14 17:40:34,328] {taskinstance.py:670} INFO - Dependencies all met for <TaskInstance: example_python_operator.print_the_context 2022-01-14T20:40:01.087150+00:00 [queued]>
[2022-01-14 17:40:34,335] {taskinstance.py:670} INFO - Dependencies all met for <TaskInstance: example_python_operator.print_the_context 2022-01-14T20:40:01.087150+00:00 [queued]>
[2022-01-14 17:40:34,335] {taskinstance.py:880} INFO - 
--------------------------------------------------------------------------------
[2022-01-14 17:40:34,336] {taskinstance.py:881} INFO - Starting attempt 1 of 1
[2022-01-14 17:40:34,336] {taskinstance.py:882} INFO - 
--------------------------------------------------------------------------------
[2022-01-14 17:40:34,347] {taskinstance.py:901} INFO - Executing <Task(PythonOperator): print_the_context> on 2022-01-14T20:40:01.087150+00:00
[2022-01-14 17:40:34,348] {standard_task_runner.py:54} INFO - Started process 5173 to run task
[2022-01-14 17:40:34,398] {standard_task_runner.py:77} INFO - Running: ['airflow', 'run', 'example_python_operator', 'print_the_context', '2022-01-14T20:40:01.087150+00:00', '--job_id', '2', '--pool', 'default_pool', '--raw', '-sd', '/home/nicholas/datapipeline/.env/lib/python3.6/site-packages/airflow/example_dags/example_python_operator.py', '--cfg_path', '/tmp/tmpjywg669j']
[2022-01-14 17:40:34,399] {standard_task_runner.py:78} INFO - Job 2: Subtask print_the_context
[2022-01-14 17:40:34,419] {logging_mixin.py:112} INFO - Running <TaskInstance: example_python_operator.print_the_context 2022-01-14T20:40:01.087150+00:00 [running]> on host nicholas-VirtualBox-ubuntu1804
[2022-01-14 17:40:34,433] {logging_mixin.py:112} INFO - {'END_DATE': '2022-01-14',
 'conf': <airflow.configuration.AirflowConfigParser object at 0x7f3f13b69be0>,
 'dag': <DAG: example_python_operator>,
 'dag_run': <DagRun example_python_operator @ 2022-01-14 20:40:01.087150+00:00: manual__2022-01-14T20:40:01.087150+00:00, externally triggered: True>,
 'ds_nodash': '20220114',
 'end_date': '2022-01-14',
 'execution_date': <Pendulum [2022-01-14T20:40:01.087150+00:00]>,
 'inlets': [],
 'latest_date': '2022-01-14',
 'macros': <module 'airflow.macros' from '/home/nicholas/datapipeline/.env/lib/python3.6/site-packages/airflow/macros/__init__.py'>,
 'next_ds': '2022-01-14',
 'next_ds_nodash': '20220114',
 'next_execution_date': <Pendulum [2022-01-14T20:40:01.087150+00:00]>,
 'outlets': [],
 'params': {},
 'prev_ds': '2022-01-14',
 'prev_ds_nodash': '20220114',
 'prev_execution_date': <Pendulum [2022-01-14T20:40:01.087150+00:00]>,
 'prev_execution_date_success': <Proxy at 0x7f3f04aac348 with factory <function TaskInstance.get_template_context.<locals>.<lambda> at 0x7f3f04aadae8>>,
 'prev_start_date_success': <Proxy at 0x7f3f04ac0a88 with factory <function TaskInstance.get_template_context.<locals>.<lambda> at 0x7f3f04ace488>>,
 'run_id': 'manual__2022-01-14T20:40:01.087150+00:00',
 'tables': None,
 'task': <Task(PythonOperator): print_the_context>,
 'task_instance': <TaskInstance: example_python_operator.print_the_context 2022-01-14T20:40:01.087150+00:00 [running]>,
 'task_instance_key_str': 'example_python_operator__print_the_context__20220114',
 'templates_dict': None,
 'test_mode': False,
 'ti': <TaskInstance: example_python_operator.print_the_context 2022-01-14T20:40:01.087150+00:00 [running]>,
 'tomorrow_ds': '2022-01-15',
 'tomorrow_ds_nodash': '20220115',
 'ts': '2022-01-14T20:40:01.087150+00:00',
 'ts_nodash': '20220114T204001',
 'ts_nodash_with_tz': '20220114T204001.087150+0000',
 'var': {'json': None, 'value': None},
 'yesterday_ds': '2022-01-13',
 'yesterday_ds_nodash': '20220113'}
[2022-01-14 17:40:34,433] {logging_mixin.py:112} INFO - 2022-01-14
[2022-01-14 17:40:34,433] {python_operator.py:114} INFO - Done. Returned value was: Whatever you return gets printed in the logs
[2022-01-14 17:40:34,445] {taskinstance.py:1070} INFO - Marking task as SUCCESS.dag_id=example_python_operator, task_id=print_the_context, execution_date=20220114T204001, start_date=20220114T204034, end_date=20220114T204034
[2022-01-14 17:40:39,342] {local_task_job.py:102} INFO - Task exited with return code 0
